smiles,PBT_label,rationale,rationale_score
['Clc1ccc2c(Cl)ccnc2c1'],0.223,,
['NC(=Nc1ccccc1)Nc1ccccc1'],0.002,,
['O=C1OC(c2cc(Br)c(O)c(Br)c2)(c2cc(Br)c(O)c(Br)c2)c2ccccc21'],0.993,Brc1c[cH:1]cc(Br)[cH:1]1,0.504
['COC(=O)C(F)(F)F'],0.006,,
['O=C1c2ccccc2C(=O)c2ccccc21'],0.023,,
['C1=CCCC=CCCC=CCC1'],0.000,,
['CC(C)O'],0.000,,
['C=CC(F)(F)F'],0.008,,
['CCCCO'],0.000,,
['O=C1CCC(C(=O)O)N1'],0.000,,
['COc1c(Cl)c(Cl)c(Cl)c(Cl)c1Cl'],0.993,Clc1c(Cl)[cH:1][cH:1][cH:1]c1Cl,0.831
['FC(F)(F)C(F)(F)C(F)(F)C(F)(F)C(F)(F)C(F)(F)C(F)(F)C(F)(F)CC[Si](Cl)(Cl)Cl'],1.000,FC(F)([CH3:1])[CH:1](F)F,0.659
['O=C(O)C(O)C(O)C(O)C(O)CO'],0.000,,
['CC1CCC2(OC1)OC1CC3C4CC=C5CC(O)CCC5(C)C4CCC3(C)C1C2C'],0.973,CC12CC[CH2:1]CC1=CCC1C2CC[CH:1]2C1C[CH2:1][CH2:1]2,0.750
['COc1ccc(C(c2ccc(OC)cc2)C(Cl)(Cl)Cl)cc1'],0.743,ClC(Cl)(Cl)C(c1cc[cH:1]cc1)c1cc[cH:1]cc1,0.566
['Cc1cc(C(C)(C)c2ccc(O)c(C)c2)ccc1O'],0.114,,
['Cc1cc(N)ccc1N'],0.004,,
['CC(C)CCCCCCCCCCCCCCC(=O)O'],0.000,,
['Nc1ccc(Cl)c(Cl)c1'],0.210,,
['O=[N+]([O-])c1ccc(Oc2ccc(Cl)cc2Cl)cc1'],0.390,,
['C[Si]1(C)O[Si](C)(C)O[Si](C)(C)O[Si](C)(C)O[Si](C)(C)O1'],0.901,C[Si]1(C)O[Si](C)(C)O[Si:1](C)O[Si:1](C)O[Si](C)(C)O1,0.630
['O=CO'],0.000,,
['c1ccc(-c2ccccc2)cc1'],0.013,,
['NCCO'],0.000,,
['Clc1ccccc1C(Cl)(Cl)Cl'],0.736,,
['FC(F)CC(F)(F)F'],0.096,,
['OCC(CO)(CO)COCC(CO)(CO)CO'],0.000,,
['CC(N)C(=O)O'],0.000,,
['CCO[Si](CCC(F)(F)C(F)(F)C(F)(F)C(F)(F)C(F)(F)C(F)(F)C(F)(F)C(F)(F)F)(OCC)OCC'],1.000,FC(F)(F)[CH:1](F)F,0.795
['CCN(CC)c1ccc(C(=C2C=CC(=[N+](CC)CC)C=C2)c2ccccc2)cc1'],0.539,,
['O=[P+]([O-])[O-]'],0.000,,
['O=C(O)C=CC(=O)O'],0.000,,
['Clc1ccccc1'],0.017,,
['O=C(O)c1ccccc1O'],0.000,,
['Oc1ccccc1Cl'],0.003,,
['CC(C)(C)NSc1nc2ccccc2s1'],0.031,,
['FC(F)Cl'],0.007,,
['C=CCn1c(=O)n(CC=C)c(=O)n(CC=C)c1=O'],0.007,,
['O=C(O)CC[N+](CCO)(CCO)CCCNC(=O)C(F)(F)C(F)(F)C(F)(F)C(F)(F)C(F)(F)C(F)(F)C(F)(F)F'],0.991,FC(F)([CH3:1])[CH:1](F)F,0.659
['COc1ccc([N+](=O)[O-])cc1N'],0.003,,
['CC(C)(c1ccccc1)C(C)(C)c1ccccc1'],0.498,,
['CN(C)CCCNCC(O)CC(F)(F)C(F)(F)C(F)(F)C(F)(F)C(F)(F)C(F)(F)C(F)(F)C(F)(F)C(F)(F)C(F)(F)C(F)(F)C(F)(F)F'],1.000,FC(F)(F)[CH:1](F)F,0.795
['Cc1cc(Sc2cc(C)cc(C(C)(C)C)c2O)c(O)c(C(C)(C)C)c1'],0.927,Cc1cc(Sc2cc(C)cc([CH3:1])[cH:1]2)[cH:1]c([CH3:1])c1,0.720
['Nc1ccc(Cc2ccc(N)cc2)cc1'],0.017,,
['Cc1cc(O)c(Cl)c(C)c1Cl'],0.495,,
['CCN(CC)c1ccc2cc(-c3nc4ccccc4[nH]3)c(=O)oc2c1'],0.326,,
['CN(C)C1CCCCC1'],0.010,,
['CC(CC(=O)OOC(=O)CC(C)CC(C)(C)C)CC(C)(C)C'],0.028,,
['O=C(O)CS'],0.000,,
['CCN(CC)CCCN1c2ccccc2Sc2ccc(Cl)cc21'],0.977,c1ccc2c(c1)Sc1cc[cH:1]cc1N2[CH3:1],0.685
['COc1ccc(NC(=O)c2cc3ccc4c5ccccc5[nH]c4c3cc2O)cc1'],0.319,,
['O=C(Oc1c(Br)cc(Br)cc1Br)c1ccccc1O'],0.577,Brc1cc(Br)[cH:1][cH:1]c1,0.504
['CC1CCC2(NC1)OC1CC3C4CC=C5CC(O)CCC5(C)C4CCC3(C)C1C2C'],0.980,CC12CC[CH2:1]CC1=CCC1C2CC[CH:1]2C1C[CH2:1][CH2:1]2,0.750
['c1cc2c3c(c1)ccc1ccc4cccc(c4c13)O2'],0.864,,
['C1CCC2C(C1)CCC1SC3CCC4CCCCC4C3C12'],0.894,C1CCC2C(C1)CCC1SC3CC[CH2:1][CH2:1]C3C12,0.700
['FC(F)(F)C(F)(F)C(F)(F)C1(F)OC(F)(F)C(F)(F)C(F)(F)C1(F)F'],1.000,FC1(F)O[CH2:1][CH2:1][CH2:1]C1(F)F,0.908
['CCC(=O)C(CC(C)N1CCCCC1)(c1ccccc1)c1ccccc1'],0.841,,
['CC1CCC2C(C)C3C(CC4C5CCC6CC(O)CCC6(C)C5CCC43C)N2C1'],0.994,CC12CCC3C(CC[CH2:1][CH2:1]3)C1C[CH2:1][CH2:1]2,0.570
['COc1ccc(C(Cl)=C(c2ccc(OC)cc2)c2ccc(OC)cc2)cc1'],0.764,,
['Oc1cc(Cl)c(Cl)c(Cl)c1Cc1c(O)cc(Cl)c(Cl)c1Cl'],0.988,Clc1c[cH:1][cH:1]c(Cl)c1Cl,0.831
['CCN(CC)c1ccc(C(O)(c2ccc(N(CC)CC)cc2)c2ccc(N(CC)CC)cc2)cc1'],0.983,,
['O=C1OC(=O)c2c(I)c(I)c(I)c(I)c21'],0.991,Ic1c(I)[cH:1][cH:1][cH:1]c1I,0.913
['ClC(Cl)(Cl)c1cccc(C(Cl)(Cl)Cl)c1'],0.887,ClC(Cl)(Cl)c1cccc([CH2:1]Cl)c1,0.510
['CCOC(=O)C1(c2ccccc2)CCN(CCC(C#N)(c2ccccc2)c2ccccc2)CC1'],0.986,c1ccc(C2([CH3:1])CCN(CCC([CH3:1])([CH3:1])[CH3:1])CC2)cc1,0.507
['COC(=O)CCC(C)C1CCC2C3CCC4CCCCC4(C)C3CC(=O)C12C'],0.904,CC12C(CC[CH2:1]1)C1CC[CH2:1][CH2:1]C1C[CH2:1]2,0.570
['CC(=O)OC1(C(C)=O)CCC2C3CC=C4C=C(OC5CCCC5)CCC4(C)C3CCC21C'],0.937,CC12CC[CH2:1][CH2:1]C1CCC2(O[CH3:1])[CH3:1],0.575
['C1CCCN(CC2CCC(CN3CCCCCC3)CC2)CC1'],0.326,,
['Clc1cccc(CNCC2CCC(CNCc3cccc(Cl)c3)CC2)c1'],0.863,,
['C=CC(C)(O)CCC1C(=C)CC(O)C2C(C)(C)CCCC12C'],0.511,CC1(C)CCCC2(C)C1[CH2:1]C[CH2:1][CH2:1]2,0.749
['CC1(C)CC2(CC(C)(C)c3ccc(O)cc32)c2cc(O)ccc21'],0.963,CC1(C)CC2(C[CH2:1][CH:1]=[CH:1]2)c2c[cH:1]ccc21,0.791
['C=CC1(C)CCC2C(=CCC3C(C)(C)CCCC23C)C1'],0.892,CC12CCC[CH:1](C)C1CC=C1C[CH2:1]CCC12,0.537
['Fc1cc2ccccc2c2cc3ccc4ccccc4c3cc12'],0.978,Fc1cc2ccccc2c2c[cH:1][cH:1]cc12,0.681
['CC12CCC3C(CCC4CCCCC43C)C1CC1(C2)OCCO1'],0.957,CC12CCC3C(CC[CH2:1][CH2:1]3)C1C[CH2:1]C2,0.570
['CCOP(=S)(OCC)OC(=CCl)c1ccc(Cl)cc1Br'],0.699,Clc1ccc([CH3:1])c(Br)c1,0.608
['CC12CCC(=O)C=C1CCC1C2CCC2(C)C(OC(=O)c3ccccc3)CCC12'],0.868,CC12CCC3C(CC[CH2:1][CH2:1]3)C1CC[CH2:1]2,0.570
['Cc1ccc2oc(-c3ccc(C=Cc4ccc(-c5nc6cc(C)ccc6o5)cc4)cc3)nc2c1'],0.880,,
['CN(Cc1ccccc1C(F)(F)F)C1CC2CCC1CC2N(C)Cc1ccccc1C(F)(F)F'],0.999,CN(Cc1ccccc1[CH2:1]F)C1CC2CCC1C[CH2:1]2,0.806
['ClCC(c1ccc(Cl)cc1)c1ccc(Cl)cc1'],0.758,Clc1ccc(C(c2ccc(Cl)cc2)[CH3:1])cc1,0.603
['CN(C)c1ccc(C(Cl)(c2ccccc2)c2ccc(N(C)C)cc2)cc1'],0.979,CN(C)c1ccc(C(Cl)(c2cc[cH:1]cc2)[CH3:1])cc1,0.722
['Cc1ccc(C(O)(c2ccc(C)cc2)c2ccc(C)cc2)cc1'],0.695,,
['Cc1ccc2cc3c(ccc4ccccc43)c3c2c1CC3O'],0.966,c1c[cH:1]c2c3c([cH:1][cH:1]cc13)[CH2:1]C2,0.559
['CCc1cc(CC)c2nc3ccc4ccccc4c3cc2c1'],0.851,c1ccc2c(c1)ccc1nc3c([CH3:1])c[cH:1]cc3cc12,0.566
['C=CCOc1c(Br)c(Br)c(Br)c(Br)c1Br'],0.998,Brc1c(Br)[cH:1][cH:1][cH:1][cH:1]1,0.677
['CC(C)(C)c1cc(C(C)(C)C)c([N+](=O)[O-])c(C(C)(C)C)c1'],0.947,C[CH2:1]c1cc([CH3:1])cc([CH2:1]C)c1[N+:1],0.605
['CCOP(=S)(OCC)Oc1cc(Cl)c(Br)cc1Cl'],0.881,Clc1c[cH:1]c(Cl)cc1Br,0.786
['CN(C1CCc2ccccc21)C1CC2CCC1CC2N(C)C1CCc2ccccc21'],0.995,CN(C1CCc2ccccc21)C1CC2CCC1C[CH2:1]2,0.788
['Cc1ccc(Nc2cc(S(=O)(=O)c3ccccc3)c(N)c3c2C(=O)c2ccccc2C3=O)cc1'],0.756,c1ccc2c(c1)[CH2:1]c1c([cH:1]c([SH:1])c[cH:1]1)[CH2:1]2,0.628
['COc1cc(CC2c3cc(OC)c(OC)cc3CCN2C)c(Oc2cc3c(cc2OC)-c2c(OC)c(OC)cc4c2C(C3)N(C)CC4)cc1OC'],0.996,c1c2c(c[cH:1][cH:1]1)-c1c3c(c[cH:1][cH:1]1)CC[NH:1]C3C2,0.607
['O=C(Nc1ccc(Br)cc1)c1cc(Cl)cc(Br)c1O'],0.411,,
['O=C(Nc1cc2c(O)c3ccc(C(F)(F)F)cc3nc2c2c1C(=O)c1ccccc1C2=O)c1ccccc1'],0.951,c1ccc2c(c1)[CH2:1]c1c(N[CH3:1])c[cH:1][cH:1]c1[CH2:1]2,0.552
['CC(C)(C)c1ccc(-c2cc(C(C)(C)C)c(O)c(C(C)(C)C)c2)cc1'],0.869,CC(C)(C)c1ccc(-c2cc([CH3:1])[cH:1]c([CH3:1])c2)cc1,0.588
['Cc1cc(Cl)cc2c1C(=O)C(=C1Sc3c(Cl)cc(Cl)c(C)c3C1=O)S2'],0.997,Clc1c[cH:1][cH:1]c2c1S[CH2:1][CH2:1]2,0.710
['Cc1cc(Cl)c(Cl)cc1Cl'],0.937,Clc1cc(Cl)[cH:1]cc1Cl,0.760
['CCCOC(=O)c1c(Cl)c(Cl)c(Cl)c(Cl)c1C(=O)OCCC'],0.919,Clc1c(Cl)[cH:1][cH:1][cH:1]c1Cl,0.831
['COC(=O)c1ccc2c(c1)C(C)(C)C(=CC=C(C#N)C(=O)OCCCc1ccccc1)N2C'],0.793,,
['O=c1c2ccc3c(=O)n4c5cc(Cl)ccc5nc4c4ccc(c2c34)c2nc3ccc(Cl)cc3n12'],0.997,,
['Fc1c(F)c(-c2c(F)c(F)c(Br)c(F)c2F)c(F)c(F)c1Br'],1.000,Fc1c(Br)c(F)[cH:1][cH:1][cH:1]1,0.862
['CN(C)CCCC1(c2ccccc2)OC(C)(C)c2ccc(Cl)cc21'],0.982,Clc1ccc2c(c1)C([CH3:1])([CH3:1])O[CH2:1]2,0.628
['CCC1C=CC=CCC(C)C(O)C(C)C(=O)C(C)C(O)C(C)C(=O)C(C)C(O)C(C)C=CC(=O)OC2C(C)C(CC1)OC1(CCC(C)C(CC(C)O)O1)C2C'],0.359,,
['c1cc2cc(c1)CCc1cccc(c1)CCc1cccc(c1)CC2'],0.872,,
['Sc1c(S)c(Cl)c(Cl)c(Cl)c1Cl'],0.994,Clc1c(Cl)[cH:1][cH:1][cH:1]c1Cl,0.831
['CC(C)CCCC(C)C1CCC2C3C=CC4=CC(O)CCC4(C)C3CCC12C'],0.936,CC(C1CCC2C1(C)CC[CH2:1][CH2:1]2)[CH3:1],0.508
['Cc1c(Cl)cc(C(C)C)c(O)c1Cc1c(C)c(Cl)cc(C(C)C)c1O'],0.981,Cc1c(Cl)cc([CH3:1])[cH:1]c1[CH3:1],0.746
['O=C(F)C(F)(F)C(F)(F)C(F)(F)C(F)(F)C(F)(F)C(F)(F)C(F)(F)C(F)(F)C(F)(F)C(F)(C(F)(F)F)C(F)(F)F'],1.000,FC(F)([CH3:1])[CH:1](F)F,0.659
['O=S(=O)(F)C(F)(F)C(F)(F)OC(F)(C(F)(F)F)C(F)(F)OC(F)=C(F)F'],0.997,FC(F)(F)[CH:1](F)[CH2:1]F,0.600
['c1ccc2c(c1)ccc1cc3ccc4c(c3cc12)CCCC4'],0.952,c1cc2cc3cc[cH:1][cH:1]c3cc2c2c1CCCC2,0.803
['CCOc1c2ccccc2c(C)c2c1ccc1ccccc12'],0.924,Cc1c2ccccc2c(O[CH3:1])c2cc[cH:1][cH:1]c12,0.620
['CC(C)(C)CC(C)(C)c1cc(Br)c(O)c([N+](=O)[O-])c1'],0.748,C[CH:1](C)c1cc(Br)[cH:1]c([N+:1])c1,0.512
['COc1cc2c(cc1OC)Cc1cc(OC)c(OC)cc1Cc1cc(OC)c(OC)cc1Cc1cc(OC)c(OC)cc1C2'],0.986,,
['CC(C)c1ccc2c(c1)CCC1C(C)(C)CCCC21C'],0.969,CC12CCC[CH2:1]C1CCc1c[cH:1]ccc12,0.691
['O=C(Nc1c(Cl)cc(Cl)cc1Cl)Nc1c(Cl)cc(Cl)cc1Cl'],0.984,Clc1cc(Cl)[cH:1]c(Cl)c1,0.746
['C#CC(OC(=O)NC1CCCCCCC1)(c1ccc(F)cc1)c1ccc(F)cc1'],0.763,Fc1ccc(C(O[CH3:1])(c2ccc(F)cc2)[CH3:1])cc1,0.575
['ClC(Cl)C(Cl)(Cl)C(Cl)(Cl)C(Cl)(Cl)Cl'],0.999,Cl[CH:1](Cl)[CH:1](Cl)Cl,0.529
['COP(=S)(Oc1cc(Cl)c(Br)cc1Cl)c1ccccc1'],0.945,Clc1c[cH:1]c(Cl)cc1Br,0.786
['O=C(Nc1ccc(Oc2ccc(Cl)cc2)c(Cl)c1)c1cc(I)cc(I)c1O'],0.871,Ic1cc(I)[cH:1]c([CH3:1])c1,0.636
['O=C(Oc1ccc(N(CCBr)CCBr)cc1)c1ccc(Cl)cc1'],0.882,Clc1ccc([CH2:1]Oc2ccc(N(CCBr)[CH3:1])cc2)cc1,0.632
['O=P(O)(O)Oc1cc(Br)cc(Br)c1-c1c(O)cc(Br)cc1Br'],0.896,Brc1cc(Br)[cH:1][cH:1]c1,0.504
['Cc1c(Br)c(Br)c(C)c(Br)c1Br'],0.999,Brc1c(Br)[cH:1][cH:1][cH:1][cH:1]1,0.677
['Cc1ccccc1N1CCN(C(=O)CC(c2ccccc2)c2ccc(Cl)cc2)CC1'],0.988,,
['Cc1cccc(N2CCN(CCCCOC(c3ccccc3)c3ccc(Cl)cc3)CC2)c1'],0.975,,
['Clc1ccc(C(OCCCCN2CCN(c3nccs3)CC2)c2ccccc2)cc1'],0.854,,
['Clc1ccc(C(SCCN2CCN(c3ccccc3Cl)CC2)c2ccccc2)cc1'],0.995,Clc1ccccc1N1CCN([CH3:1])CC1,0.508
['Clc1ccc(C(CCN2CCN(Cc3ccccc3)CC2)c2ccccc2)cc1'],0.972,Clc1ccc(C(CCN2CCN(C[CH3:1])CC2)[CH3:1])cc1,0.543
['Clc1ccc(C(CCN2CCN(c3ccccn3)CC2)c2ccccc2)cc1'],0.940,,
['Clc1ccc(Sc2nc(C(Cl)(Cl)Cl)nc(C(Cl)(Cl)Cl)n2)cc1'],0.976,ClC(Cl)(Cl)c1nc(S[CH3:1])nc([CH3:1])n1,0.558
['CCCCCCSc1nc(C(Cl)(Cl)Cl)nc(C(Cl)(Cl)Cl)n1'],0.893,ClC(Cl)(Cl)c1nc(S[CH3:1])nc([CH3:1])n1,0.558
['Clc1ccc(CSc2nc(C(Cl)(Cl)Cl)nc(C(Cl)(Cl)Cl)n2)cc1'],0.986,ClC(Cl)(Cl)c1nc(S[CH3:1])nc([CH3:1])n1,0.558
['CCCCCCNc1nc(C(Cl)(Cl)Cl)nc(C(Cl)(Cl)Cl)n1'],0.647,ClC(Cl)(Cl)c1nc(C(Cl)(Cl)Cl)n[cH:1]n1,0.776
['O=C1c2c(Br)c(Br)c(Br)c(Br)c2C2=Nc3cccc4cccc(c34)N12'],1.000,c1cc2c3c(cccc3c1)N1C(=N2)c2c([cH:1][cH:1][cH:1][cH:1]2)[CH2:1]1,0.829
['CC12CCC3c4ccc(O)cc4CCC3C1CCC2OC(=O)CCc1ccccc1'],0.834,c1c[cH:1]cc2c1C1CC[CH:1]3C(CC[CH2:1]3)C1CC2,0.731
['C1=Cc2cc3cccc4ccc5ccc1c2c5c43'],0.870,,
['COC(=O)CCC(C)C1CCC2C3C(=CC(=O)C12C)C1(C)CCC(OC(C)=O)CC1CC3OC(C)=O'],0.768,CC12CC[CH2:1]CC1C[CH2:1]C1C2=C[CH2:1][CH:1]2C1CC[CH2:1]2,0.742
['CC(C)(C)CC(C)(C)c1ccc(O)c(-n2nc3ccc4ccccc4c3n2)c1'],0.795,,
['NCOC1CCN(C2CCN(CCCN3c4ccccc4CCc4ccc(Cl)cc43)CC2)CC1'],0.995,c1ccc2c(c1)CCc1cc[cH:1]cc1N2[CH3:1],0.587
['CC(C)(C)C(=O)C(C#N)=NNc1cc(Cl)c(Cl)cc1Cl'],0.455,,
['COC(=O)C(CC(C)C)NC(=O)C(CCCCNC(=O)C12CC3CC(CC(C3)C1)C2)NC(=O)C12CC3CC(CC(C3)C1)C2'],0.757,,
['CC(C)OC(=O)c1ccccc1C(=C1C=C(Br)C(=O)C(Br)=C1)c1cc(Br)c(O)c(Br)c1'],0.923,Brc1cc([CH2:1]c2cccc[cH:1]2)cc(Br)[cH:1]1,0.787
['C=CCCC=CC1CC2(Cl)C(Cl)=C(Cl)C1(Cl)C2(Cl)Cl'],0.996,ClC12C[CH2:1]C(Cl)([CH:1]=[CH:1]1)[CH2:1]2,0.906
['ClC(Cl)=C(Cl)c1c(Cl)c(Cl)c(Cl)c(Cl)c1Cl'],0.999,Clc1c(Cl)[cH:1][cH:1][cH:1]c1Cl,0.831
['CCOCOC(=O)c1ccccc1Nc1c(Cl)ccc(C)c1Cl'],0.405,,
['FC(=C(C(F)(C(F)(F)F)C(F)(F)F)C(F)(C(F)(F)F)C(F)(F)F)C(F)(F)F'],1.000,FC(F)(F)C(F)([CH3:1])[CH3:1],0.843
['Clc1nc(Nc2ccc(Cl)c(Cl)c2)nc(Nc2ccc(Cl)c(Cl)c2)n1'],0.904,,
['Clc1ccc(Nc2nc(Nc3ccc(Cl)cc3)nc(C(Cl)(Cl)Cl)n2)cc1'],0.787,,
['Cc1ccc(-c2nc(-c3ccc(C)cc3)nc(C(Cl)(Cl)Cl)n2)cc1'],0.877,Cc1ccc(-c2nc(C(Cl)(Cl)Cl)nc([CH3:1])n2)cc1,0.575
['ClC(Cl)C(Cl)(Cl)c1nc(C(Cl)(Cl)C(Cl)Cl)nc(C(Cl)(Cl)C(Cl)Cl)n1'],0.998,ClC(Cl)(c1nc([CH3:1])nc([CH3:1])n1)[CH2:1]Cl,0.620
['CC(Br)(Br)c1nc(C(C)(Br)Br)nc(C(C)(Br)Br)n1'],0.996,Br[CH:1](Br)c1nc([CH:1](Br)Br)n[cH:1]n1,0.704
['CCOC(=O)C(F)(F)C(F)(F)C(F)(F)C(F)(F)C(F)(F)C(F)(F)C(F)(F)C(F)(F)F'],1.000,FC(F)(F)[CH:1](F)F,0.795
['CCCCCCOc1nc(C(Cl)(Cl)Cl)nc(C(Cl)(Cl)Cl)n1'],0.755,ClC(Cl)(Cl)c1nc(C(Cl)(Cl)Cl)n[cH:1]n1,0.776
['CNC(C)CC1C2CC3(C)CC(C)(C2)CC1(C)C3'],0.939,CC12C[CH:1]3CC(C[CH:1](C1)C3)[CH2:1]2,0.583
['CCCN(CCC)c1c([N+](=O)[O-])cc(C(C)C)cc1[N+](=O)[O-]'],0.392,,
['Fc1cc2ccccc2c2cc3ccccc3c(CBr)c12'],0.992,Fc1c[cH:1][cH:1]c2c[cH:1][cH:1]c([CH3:1])c12,0.517
['BrCc1c2ccccc2cc2c1ccc1c(Br)cccc12'],0.992,Brc1cccc2c1ccc1c2c[cH:1][cH:1][cH:1]1,0.766
['CCOc1ccc(C(C)(C)C)cc1NC(=O)C(=O)Nc1ccccc1CC'],0.451,,
['C=CC(F)(F)C(F)(F)CCC(F)(F)C(F)(F)F'],0.983,FC(F)(F)[CH:1](F)F,0.795
['COc1c(-c2ccccc2)c(=O)c2ccc3sc4ccccc4c4ccc1c2c34'],0.988,O=c1c2ccc3s[cH:1][cH:1]c4ccc(c2c34)[cH:1][cH:1]1,0.540
['CC(CN1CCN(c2ncccn2)CC1)C(c1ccccc1)(c1ccccc1)c1ccccc1'],0.976,,
['COc1c(Br)cc(C(C)(C)c2cc(Br)c(OC)c(Br)c2)cc1Br'],0.999,Brc1c[cH:1]cc(Br)[cH:1]1,0.504
['CCN(CC)c1ccc2c(c1)Oc1cc(N(CC)CC)ccc1C21c2ccccc2C(=O)N1c1ccccc1'],0.998,c1ccc2c(c1)C1(c3cc[cH:1]cc3O[CH:1]=[CH:1]1)N([CH3:1])[CH2:1]2,0.814
['CCOc1cc(N(CC)CC)ccc1C1(c2c(C)n(C)c3ccccc23)OC(=O)c2ccccc21'],0.996,Cc1c(C2([CH3:1])O[CH2:1]c3ccccc32)[cH:1][cH:1]n1C,0.544
['Clc1ccc(-c2c(Cl)cc(Cl)cc2Cl)c(Cl)c1'],0.983,Clc1cc(Cl)[cH:1]c(Cl)c1,0.746
['CC(C)CCc1c2c(cc3c1C(=O)CC3(C)C)C(C)(C)CC2=O'],0.949,c1c2c([cH:1]c3c1[CH2:1]C[CH2:1]3)[CH2:1]C[CH2:1]2,0.828
['CN(C)C1CCC2(CC1)c1ccccc1C=Cc1ccccc12'],0.922,C1=Cc2ccccc2C2(CC[CH2:1]CC2)c2ccccc21,0.818
['O=C(OCc1c2ccccc2c2ccc3cccc4ccc1c2c43)c1ccccc1'],0.971,c1cc2ccc3c4c2c(c1)ccc4[cH:1][cH:1][cH:1]3,0.640
['CC1=CC23C(=O)C(C=C(CO)C(O)C2(O)C1OC(=O)c1ccccc1NC(=O)c1cccc(O)c1NC(=O)c1ccccc1N(C)C)C1C(CC3C)C1(C)C'],0.893,,
['COc1ccc(C(Cl)(c2ccc(OC)cc2)c2ccc(OC)cc2)cc1'],0.909,ClC(c1cc[cH:1]cc1)(c1cc[cH:1]cc1)c1cc[cH:1]cc1,0.745
['CCC(C#N)(CCN(CC=C(C)C)CC=C(C)C)c1cccc2ccccc12'],0.884,CCC(C#N)(C[CH3:1])c1cccc2ccccc12,0.644
['CC(=O)OC1C(=O)CCC2(C)C1=CCC1C2CCC2(C)C(C(C)CCCC(C)C)CCC12'],0.904,CC12CC[CH2:1][CH2:1]C1=CCC1C2CC[CH:1]2C1CC[CH2:1]2,0.750
['CCC(C)(C)c1ccc(OCCCC(=O)Nc2ccc(Cl)c(N)c2)c(C(C)(C)CC)c1'],0.906,,
['O=P(c1ccccc1)(c1ccccc1)C(CCN1CCCC1)(c1ccccc1)c1ccccc1'],0.990,c1ccc(C(c2ccccc2)([CH3:1])[P:1]([CH3:1])[CH3:1])cc1,0.528
['Nc1c(Br)cc(Nc2cccc(Cl)c2)c2c1C(=O)c1ccccc1C2=O'],0.884,Nc1c(Br)cc([NH2:1])c2c1[CH2:1][CH:1]=[CH:1][CH2:1]2,0.595
['CN(C)CCC=C1c2ccccc2CCc2c(Cl)cccc21'],0.915,Clc1cccc2c1CCc1ccccc1[CH2:1]2,0.917
['CCN(CC)c1ccc(C2(c3ccc(N(C)C)cc3N(C)C)OC(=O)c3c(Cl)c(Cl)c(Cl)c(Cl)c32)c(C)c1'],1.000,Clc1c2c([cH:1][cH:1]c1Cl)[CH2:1]O[CH2:1]2,0.769
['O=c1[nH]c2cc(Cl)ccc2n1C1CCN(CCCC(c2ccc(F)cc2)c2ccc(F)cc2)CC1'],0.995,,
['CC(C)(c1ccc(Oc2ccc3c(c2)C(=O)OC3=O)cc1)c1ccc(Oc2cccc3c2C(=O)OC3=O)cc1'],0.936,,
['CCCCC1=CC(C)(C)N(C(=O)CN(C)Cc2ccccc2)C(C)(C)C1'],0.826,CN(C[CH2:1]N1C(C)(C)C=C([CH3:1])CC1(C)C)[CH3:1],0.539
['Cc1ccccc1N1CN(c2ccccc2C)CN(c2ccccc2C)C1'],0.963,Cc1ccccc1N1CN(c2cccc[cH:1]2)CN([CH3:1])C1,0.536
['CC(C)N(CCCN1CCCCc2ccccc21)C(C)C'],0.634,,
['CCc1cc(Cl)c(CC)c(CC)c1Cl'],0.977,Clc1cc([CH3:1])c(Cl)[cH:1]c1[CH3:1],0.882
['O=C(NCCc1ccc(OC(=O)C(F)(F)C(F)(F)C(F)(F)F)cc1)C(F)(F)C(F)(F)C(F)(F)F'],0.997,FC(F)(F)[CH:1](F)F,0.795
['CC1(C)CC(N=C=O)CC(C)(CNC(=O)NCC2(C)CC(N=C=O)CC(C)(C)C2)C1'],0.831,,
['O=S(=O)(Cl)C(F)(F)C(F)(F)C(F)(F)C(F)(F)C(F)(F)C(F)(F)F'],1.000,FC(F)(F)[CH:1](F)F,0.795
['O=C(NC(Cc1ccc(O)cc1)C(=O)Oc1c(Cl)c(Cl)c(Cl)c(Cl)c1Cl)OCc1ccccc1'],0.918,Clc1c(Cl)[cH:1][cH:1][cH:1]c1Cl,0.831
['CCN(CC)c1ccc(-c2oc(-c3ccccc3)nc2-c2ccccc2Cl)cc1'],0.944,,
['CN(C)c1cccc2c(S(=O)(=O)Oc3ccc(OS(=O)(=O)c4cccc5c(N(C)C)cccc45)cc3)cccc12'],0.949,,
['COc1cc2oc3c(C)c(=O)cc4oc(-c5ccccc5)cc(c2c2c1CCC(c1ccccc1)O2)c43'],0.983,,
['COc1c2c(c(CCCOC(=O)c3ccc([N+](=O)[O-])cc3)c3c1C=CC(C)(C)O3)OC(C)(C)C=C2'],0.923,,
['Brc1cc2c(Br)c(Br)c(Br)cc2c(Br)c1Br'],1.000,Brc1c[cH:1][cH:1][cH:1]c1Br,0.677
['Cc1c(C)c(C)c(CC(C)(C)C)c(C)c1C'],0.915,Cc1c([CH3:1])c(C)c(C)[cH:1]c1C,0.709
['O=P(O)(O)OCCC(F)(F)C(F)(F)C(F)(F)C(F)(F)C(F)(F)C(F)(F)C(F)(F)C(F)(F)C(F)(F)C(F)(F)C(F)(F)C(F)(F)F'],1.000,FC(F)([CH3:1])[CH:1](F)F,0.659
['Oc1c(Br)cc(Br)cc1Cc1cc(Br)cc(Br)c1O'],0.974,Brc1cc(Br)[cH:1][cH:1]c1,0.504
['Nc1cccc2c1-c1ccc3c4cc(N)c5c6c(ccc(c7ccc(c1c73)C2=O)c64)C(=O)c1ccccc1-5'],0.994,,
['OC(Cc1ccccc1)(Cc1ccccc1)c1ccccc1CC(O)(Cc1ccccc1)C1CCCCN1'],0.971,,
['C=C(C)C(=O)OCc1c(Cl)c(Cl)c(COC(=O)C(=C)C)c(Cl)c1Cl'],0.884,Clc1c(Cl)[cH:1][cH:1]c(Cl)[cH:1]1,0.760
['BrCc1c(Br)c(CBr)c(CBr)c(CBr)c1CBr'],1.000,Brc1c([CH3:1])[cH:1][cH:1][cH:1]c1[CH3:1],0.584
['Brc1cccc(Br)c1-c1c(Br)cccc1Br'],0.996,Brc1cccc(Br)[cH:1]1,0.504
['C=CC(=O)OCc1c(Br)c(Br)c(Br)c(Br)c1Br'],0.995,Brc1c(Br)[cH:1][cH:1][cH:1][cH:1]1,0.677
['Brc1ccccc1CCc1ccccc1Br'],0.870,,
['Cc1c2ccc3ccccc3c2nc2c1ccc1ccccc12'],0.879,Cc1c2ccc3ccccc3c2nc2c1cc[cH:1][cH:1]2,0.632
['CSc1c2ccccc2cc2c1ccc1ccccc12'],0.910,CSc1c2ccccc2cc2c1cc[cH:1][cH:1]2,0.690
['CN(C)c1ccc(C=Cc2c3ccccc3nc3ccc4ccccc4c23)cc1'],0.926,c1ccc2c(c1)ccc1nc3ccccc3c([CH3:1])c12,0.664
['CC(C)c1ccc2cc3c(ccc4ccccc43)cc2c1'],0.823,c1ccc2c(c1)ccc1cc3c[cH:1]ccc3cc12,0.519
['Nc1c2ccc3ccccc3c2cc2ccc3ccccc3c12'],0.876,c1ccc2c(c1)ccc1cc3c(cc[cH:1][cH:1]3)[cH:1]c12,0.519
['CCC(C)(C)c1ccc(Oc2ccc(N)cc2C(=O)Nc2ccc(NNC(C)=O)cc2)c(C(C)(C)CC)c1'],0.842,,
['CN1C(=O)c2ccc(Oc3ccc(C(C)(C)c4ccc(Oc5cccc6c5C(=O)N(C)C6=O)cc4)cc3)cc2C1=O'],0.976,CN1[CH2:1]c2ccc(Oc3ccc([CH2:1][CH3:1])cc3)cc2[CH2:1]1,0.515
['Oc1c(Br)cc(Br)c2ccc3nc4c(ccc5c(Br)cc(Br)c(O)c54)nc3c12'],0.997,Brc1cc(Br)[cH:1][cH:1][cH:1]1,0.504
['C=CC1CN2CCC1CC2C(OCCC(C)CBr)c1ccnc2ccc(OC)cc12'],0.954,,
['C1=C(CCN2CCC34CCCCC3C2Cc2ccccc24)CCCC1'],0.949,c1ccc2c(c1)CC1C3CCCCC23CC[NH:1]1,0.749
['CCC1CCc2ccc(OC)cc2C1(C)CCN(C)C'],0.695,CC1(C[CH3:1])c2c[cH:1]ccc2CCC1[CH3:1],0.521
['CN(C)CCC=C1c2cc(Br)ccc2Sc2ccc(Br)cc21'],0.989,c1c[cH:1]cc2c1Sc1cc[cH:1]cc1[CH2:1]2,0.619
['FC(F)(F)c1cccc(C2CCC(N3CCCCC3)CC2)c1'],0.907,F[CH2:1]c1cccc(C2CCC(N3CCCCC3)CC2)c1,0.733
['CC(C)N(CCCOC(=O)N1c2ccccc2Sc2ncccc21)C(C)C'],0.815,,
['CCN(CC)CCOC(=O)C(c1ccc2ccccc2c1)c1ccc2ccccc2c1'],0.921,,
['CCC(OC(=O)c1ccccc1)C(c1ccccc1)(c1ccccc1)C(C)CN(C)C'],0.924,,
['COc1cc2c(cc1OC)C(CCc1cc(Cl)c(Cl)cc1Cl)N(C)CC2'],0.996,Clc1c[cH:1][cH:1]cc1CCC1c2c[cH:1][cH:1]cc2CC[NH:1]1,0.611
['CN(C)C1CCCc2c(Cc3cccc(Cl)c3)ccc(Cl)c21'],0.978,Clc1cc[cH:1]c2c1[CH2:1]CCC2,0.615
['CN(C)CCCc1cc(Cl)ccc1Sc1ccc(Cl)cc1'],0.912,Clc1ccc(Sc2ccc(Cl)cc2[CH3:1])cc1,0.800
['CN1CCN(C2Cc3ccccc3Sc3c2cccc3C(C)(C)C)CC1'],0.991,c1ccc2c(c1)C[CH2:1]c1ccc[cH:1]c1S2,0.630
['CC(C)c1ccccc1OC(C)(C)N(CCCl)Cc1ccccc1'],0.842,,
['O=C(Cl)CC(F)(F)C(F)(F)C(F)(F)C(F)(F)C(F)(F)C(F)(F)C(F)(F)C(F)(F)C(F)(F)C(F)(F)F'],1.000,FC(F)([CH3:1])[CH:1](F)F,0.659
['c1ccc2c(c1)CCc1ccccc1C21OCC(CN2CCCCC2)O1'],0.929,c1ccc2c(c1)CCc1ccccc1C21OC[CH2:1]O1,0.639
['CC(C)(CO)CC(C)(C)c1nc2sc(C(C)(C)CC(C)(C)CO)nc2s1'],0.906,CC(C)(C[CH:1](C)[CH3:1])c1nc2sc([CH3:1])nc2s1,0.547
['O=C(OCc1ccc(Cl)c(Cl)c1)OCc1ccc(Cl)c(Cl)c1'],0.855,Clc1ccc([CH3:1])cc1Cl,0.593
['FC(F)(Br)C(F)(F)CCCCCCBr'],0.909,F[CH:1](F)[CH:1](F)Br,0.535
['C=C(C)C(=O)OCCOCCOc1ccc(C(C)(C)c2ccc(OCCOC(=O)C(=C)C)cc2)cc1'],0.212,,
['CC1CC(C)(C)N(CCSc2nc3ccccc3s2)c2ccc(C=C(C#N)C#N)cc21'],0.986,CC1(C)C[CH2:1]c2cc([CH3:1])ccc2N1[CH3:1],0.597
['Cc1ccc(C(c2ccc(C)c(C)c2)(C(F)(F)F)C(F)(F)F)cc1C'],0.997,FC(F)(F)C([CH3:1])([CH3:1])[CH3:1],0.747
['FC(F)(F)C(F)(F)C(F)(F)C(F)(F)C(F)(F)C(F)(F)C(F)(F)C(F)(F)C(F)(F)CCI'],1.000,FC(F)([CH3:1])[CH:1](F)F,0.659
['FC(F)C(F)(F)COP1(OCC(F)(F)C(F)F)=NP(Cl)(Cl)=NP(OCC(F)(F)C(F)F)(OCC(F)(F)C(F)F)=N1'],0.995,,
['O=C1OC(=O)c2c1c1sc3ccccc3c1c1sc3ccccc3c21'],0.977,O1[CH2:1]c2c(c3c(s[cH:1][cH:1]3)c3c2s[cH:1][cH:1]3)[CH2:1]1,0.914
['CCC1(O)CC2CN(CCc3c([nH]c4ccccc34)C(C(=O)OC)(c3cc4c(cc3OC)N(C)C3C5(OC(=O)N(CCCl)C5=O)C(OC(C)=O)C5(CC)C=CCN6CCC43C65)C2)C1'],0.999,,
['OCC(O)CC(F)(F)C(F)(F)C(F)(F)C(F)(F)C(F)(F)C(F)(F)C(F)(C(F)(F)F)C(F)(F)F'],1.000,FC(F)([CH3:1])[CH:1](F)F,0.659
['CCNc1ccc(C(c2ccc(NCC)c(C)c2)c2ccccc2Cl)cc1C'],0.985,Cc1cc(C(c2ccccc2Cl)[CH3:1])cc[cH:1]1,0.568
['CC(CCCC(C)(C)O)CC(C1C=Nc2ccccc21)C1C=Nc2ccccc21'],0.846,,
['Clc1ccc2c(Cl)cc(Cl)c(Cl)c2c1'],0.972,Clc1cc(Cl)[cH:1][cH:1]c1Cl,0.760
['O=C1c2c(Cl)c(Cl)c(Cl)c(Cl)c2C(=O)N1C1CCCCCCC1'],0.991,Clc1c(Cl)[cH:1][cH:1][cH:1]c1Cl,0.831
['C=CC(=O)OCCN(C)S(=O)(=O)C(F)(F)C(F)(F)C(F)(F)C(F)(F)C(F)(F)C(F)(F)C(F)(F)F'],1.000,FC(F)([CH3:1])[CH:1](F)F,0.659
['O=S(=O)(F)C1(F)C(F)(F)C(F)(F)C(F)(F)C(F)(F)C1(F)C(F)(F)F'],1.000,FC1(F)[CH2:1][CH2:1][CH2:1][CH2:1][CH:1]1F,0.537
['CC1=NC(c2ccccc2)N(C(=O)NCC2(C)CC(NC(=O)N3CC(C)=NC3c3ccccc3)CC(C)(C)C2)C1'],0.946,,
['c1ccc2c(c1)c1cccc3sc4cccc2c4c31'],0.963,c1cc2sc3cccc4c3c2c(c1)[cH:1][cH:1]4,0.853
['CCc1cc(Cl)c(O)c(Sc2cc(CC)cc(Cl)c2O)c1'],0.824,Clc1c[cH:1]cc(Sc2c[cH:1]cc(Cl)[cH:1]2)[cH:1]1,0.537
['N#CC(C(=O)Nc1ccc(Cl)cc1)=c1[nH]c(=C(C#N)C(=O)Nc2ccc(Cl)cc2)c2ccccc12'],0.885,,
['CC(CN(c1ccccc1)c1ccc2ccccc2c1)CC(C)(C)C'],0.834,,
['CC1=Cc2ccccc2OC12C=Cc1ccc(N3CCOCC3)cc1O2'],0.728,,
['CN(C)CCCC(c1ccccc1)c1ccc(C(C)(C)C)cc1'],0.574,,
['CC1(C)CC(C(=O)OCC2CCC(COC(=O)C3CC(C)(C)NC(C)(C)C3)CC2)CC(C)(C)N1'],0.842,,
['CC(C)n1nc2c(-c3ccc4c5c(n(C)nc35)-c3ccccc3C4=O)ccc3c2c1-c1ccccc1C3=O'],0.987,,
['COc1ccc(-c2[nH]c(-c3ccccc3Cl)nc2-c2ccccc2Cl)cc1OC'],0.893,Clc1ccccc1-c1nc(-c2ccccc2Cl)c([CH3:1])[nH]1,0.631
['CCC(C)COC(=O)Nc1ccc(Cc2ccc(NC(=O)OCC(C)CC)cc2)cc1'],0.228,,
['Cc1ccc(-c2cc(-c3cccc([N+](=O)[O-])c3)cc(-c3ccc([N+](=O)[O-])cc3)n2)cc1'],0.774,,
['Cc1cc(C(C)(C)C)cc(C(C)(C)CC(C)(C)C)c1O'],0.738,Cc1cc(C(C)(C)C)cc(C(C)(C)[CH3:1])[cH:1]1,0.680
['Clc1cc(Cl)c2c(c1)Oc1cc(Cl)c(Cl)c(Cl)c1O2'],0.989,Clc1c[cH:1][cH:1]c(Cl)c1Cl,0.831
['CCN(CC)c1ccc2c(c1)Oc1cc(C)ccc1C21OC(=O)c2ccccc21'],0.989,Cc1ccc2c(c1)Oc1cc(N([CH3:1])[CH3:1])ccc1[CH2:1]2,0.648
['Cc1cc(C(OP(=O)(O)O)(c2cc(C)c(N)c(C)c2)c2c(Cl)cccc2Cl)cc(C)c1N'],0.991,Clc1cccc(Cl)c1[CH3:1],0.603
['CCN(CC)CCOc1ccc(C(O)(Cc2ccccc2)c2ccccc2)cc1'],0.773,,
['Ic1cc2ccccc2c(I)c1I'],0.978,Ic1c[cH:1][cH:1]c(I)c1I,0.913
['Cc1cc2c(C)ccc3ccc4cccc1c4c32'],0.930,c1cc2ccc3cc[cH:1]c4c[cH:1]c(c1)c2c34,0.640
['CCN(CC)c1ccc(NC(=S)Nc2ccc(N(CC)CC)cc2)cc1'],0.401,,
['BrC1CCC(Br)C(Br)CCC(Br)C(Br)CC(Br)C1'],0.994,BrC1C[CH2:1]CCC(Br)C(Br)CC[CH2:1][CH2:1]C1,0.753
['CCC(CC)COC(=O)COc1cc(Cl)c(Cl)cc1Cl'],0.423,,
['Clc1ccc(Sc2ccc(Cl)c(Cl)c2)cc1Cl'],0.959,Clc1ccc(S[CH3:1])cc1Cl,0.541
['OC1(c2ccccc2Cl)c2cc(Cl)ccc2N=C(c2ccccc2Cl)N1c1ccc(Cl)cc1'],0.998,Clc1ccc(N2[CH:1]=Nc3ccc(Cl)cc3[CH2:1]2)cc1,0.658
['Cc1cc(Br)c(OCC(Br)CBr)c(Br)c1'],0.976,Brc1c[cH:1]cc(Br)[cH:1]1,0.504
['CN=C1SC(=NC(F)(F)F)C(=NC(F)(F)F)N1c1ccc(Cl)cc1'],0.848,FC(F)(F)N=C1N(c2ccc(Cl)cc2)[CH2:1]S[CH2:1]1,0.518
['CCCCCCCCCCCCCCN1C(=O)NC2(CC(C)(C)N(C(C)=O)C(C)(C)C2)C1=O'],0.761,CC1(C)C[CH2:1]CC(C)(C)N1[CH3:1],0.608
['COc1cc(OC)c(C=CC2N(C)c3ccccc3C2(C)C)c(OC)c1'],0.869,,
['C=C(CCl)C(Cl)(Cl)C(Cl)(Cl)C(=C)CCl'],0.984,Cl[CH:1](Cl)[CH:1](Cl)Cl,0.529
['C=C(C(Cl)=C(Cl)C(=C)C(Cl)(Cl)Cl)C(Cl)(Cl)Cl'],0.977,C=C(C(Cl)=[CH:1]Cl)C(Cl)(Cl)Cl,0.567
['CCN(CC)c1ccc(C=NN(c2ccccc2)c2ccc3ccccc3c2)cc1'],0.819,,
['ClCCC=C(c1ccc(Cl)cc1)c1ccc(Cl)cc1'],0.557,,
['c1ccc2cc3c(cc2c1)-c1cccc2cc4ccccc4c-3c12'],0.970,c1cc2c3c([cH:1][cH:1]cc3c1)-c1c[cH:1][cH:1]cc1-2,0.689
['Cc1cc(Cl)ccc1Cc1ccc(Cl)cc1C'],0.930,Cc1cc(Cl)ccc1Cc1ccc(Cl)c[cH:1]1,0.816
['Clc1cc(Cl)cc(Oc2nc3c(Cl)cccc3s2)c1'],0.839,Clc1cc(Cl)cc(Oc2nc3c(ccc[cH:1]3)s2)c1,0.554
['Cc1cc(N(CCOC(=O)Nc2ccccc2)C2CCCCC2)ccc1C=C(C#N)C#N'],0.749,,
['O=C1C(=C2Nc3c(Br)cc(Br)cc3C2=O)Nc2c(Cl)cc(Br)cc21'],0.980,Brc1cc(Br)[cH:1][cH:1]c1,0.504
['O=C(OCCN1CCN(c2ccc(C(F)(F)F)cc2)CC1)c1ccccc1Nc1ccnc2cc(C(F)(F)F)ccc12'],0.990,,
['Fc1ccc2c(c1)Sc1ccc(C(F)(F)F)cc1C21CCCO1'],0.995,c1c[cH:1]cc2c1Sc1c[cH:1]ccc1[CH2:1]2,0.619
['CCC(C)(C)c1ccc(Nc2ccc(Nc3ccccc3)cc2)cc1'],0.532,,
['CC(c1ccccc1)c1ccc(Nc2ccc(Nc3ccccc3)cc2)cc1'],0.604,,
['CCN(CCOC(=O)c1ccc(C(Cl)(Cl)Cl)cc1)c1ccc(C=C(C#N)C#N)c(C)c1'],0.974,,
['O=C1c2cccc3ccc4ccc5cc6ccccc6c1c5c4c23'],0.947,c1cc2c3c(c1)ccc1ccc4c[cH:1][cH:1]c(c4c13)[CH2:1]2,0.944
['CCOC(=O)CN1C(=O)C2(CC(C)(C)NC(C)(C)C2)OC12CCCCCCCCCCC2'],0.903,,
['COc1c(C=O)c(C)cc2c1C(C)(C)CCC2(C)C'],0.851,Cc1cc2c([cH:1]c1[CH3:1])[CH2:1]CC[CH2:1]2,0.596
['O=C(C=CC(=O)Nc1c(Br)cc(Br)cc1Br)Nc1c(Br)cc(Br)cc1Br'],0.987,Brc1cc(Br)[cH:1][cH:1]c1,0.504
['O=C=Nc1ccc(Cc2ccc(NC(=O)Nc3ccc(Cc4ccc(N=C=O)cc4)cc3)cc2)cc1'],0.694,,
['Cc1cc(Cc2cc(C(C)C)c(N)c(C(C)C)c2)ccc1N'],0.783,Cc1cc(Cc2cc([CH2:1]C)[cH:1]c([CH2:1]C)c2)cc[cH:1]1,0.542
['O=S(=O)(OS(=O)(=O)C(F)(F)C(F)(F)C(F)(F)C(F)F)C(F)(F)C(F)(F)C(F)(F)C(F)F'],1.000,FC(F)C(F)(F)[CH3:1],0.659
['CC1(C)CC(N)CC(C)(CNCc2ccc(O)c(CNCC3(C)CC(N)CC(C)(C)C3)c2)C1'],0.911,,
['Clc1ccc(C(=CCBr)c2ccc(-c3ccc(Br)cc3)cc2)cc1'],0.958,BrCC=C(c1ccc(-c2ccc(Br)cc2)cc1)[CH3:1],0.589
['Cc1cc2c(Cl)cc(Cl)cc2c2cc(C(F)(F)F)ccc12'],0.995,Clc1cc(Cl)c2c[cH:1][cH:1][cH:1]c2c1,0.614
['CCCCN(CCCC)C(=O)CC(O)c1cc2c(Cl)cc(Cl)cc2c2cc(C(F)(F)F)ccc12'],0.996,Clc1c[cH:1]cc2c1c[cH:1]c1cc[cH:1]cc21,0.732
['CCOC(=O)c1ccc(C2(c3ccccc3)Oc3ccc(C4Oc5cc(O)cc(O)c5CC4O)cc3O2)cc1'],0.699,,
['CCC(O)(c1ccc(Cl)cc1)c1ccc(-c2ccc(Br)cc2)cc1'],0.959,Clc1ccc([CH:1](c2ccc([CH3:1])cc2)[CH3:1])cc1,0.532
['C=COCC(F)(F)C(F)(F)C(F)(F)C(F)(F)C(F)(F)C(F)(F)C(F)(F)C(F)(F)C(F)(F)C(F)F'],1.000,FC(F)([CH3:1])[CH:1](F)F,0.659
['O=S1(=O)OC(c2ccc(-c3ccccc3)c(O)c2)(c2ccc(-c3ccccc3)c(O)c2)c2ccccc21'],0.794,c1ccc2c(c1)C(c1ccc([CH3:1])[cH:1]c1)([CH3:1])O[S:1]2,0.596
['CCSP(=O)(Oc1ccc(Cl)c(C)c1)Oc1ccc(Cl)c(C)c1'],0.925,Cc1cc(O[PH:1]Oc2ccc(Cl)c(C)c2)ccc1Cl,0.661
['FC(F)(F)c1ccc(-c2ccc(C(F)(F)F)cc2Cl)c(Cl)c1'],0.992,FC(F)(F)c1cc[cH:1]c(Cl)c1,0.591
['CC(C)c1cc(Oc2ccccc2)cc(C(C)C)c1NC(=N)C(C)(C)C'],0.700,,
['Cc1cc(CCCCCOc2ccc(C3=NCCO3)cc2C(F)(F)F)on1'],0.445,,
['Brc1c(Br)c(Br)c2c(oc3ccccc32)c1Br'],0.997,Brc1c(Br)[cH:1][cH:1][cH:1][cH:1]1,0.677
['Clc1c(Cl)c(Cl)c2c(oc3c(Cl)cccc32)c1Br'],0.996,Clc1c(Cl)[cH:1][cH:1][cH:1]c1Br,0.852
['CC(C)(Cl)CCC(C)(C)CC(Cl)(Cl)Cl'],0.825,CC(C)(CC(Cl)(Cl)Cl)[CH3:1],0.551
['CC(C)(COCc1cccc(Oc2ccccc2)c1)c1ccc(OC(F)(F)Br)cc1'],0.970,,
['CS(=O)(=O)c1c(Cl)c(Cl)c(Cl)c(Cl)c1-c1cccc(Cl)c1Cl'],0.996,Clc1c(Cl)[cH:1][cH:1][cH:1]c1Cl,0.831
['CCN(CC)C(=O)COc1ccc(C(C)(C)CC)cc1C(C)(C)CC'],0.769,CCC(C)(C)c1cc[cH:1]c(C(C)(C)CC)c1,0.517
['Cc1c(Cl)ccc(Cc2c(Cl)cccc2Cl)c1Cl'],0.985,Cc1c(Cl)cc[cH:1]c1Cl,0.603
['[N-]=[N+]=C1C=Cc2c(cccc2S(=O)(=O)Oc2ccc3ccccc3c2Cc2cccc3ccccc23)C1=O'],0.921,,
['Cc1ccccc1C(C)(O)c1cccc(C(C)(O)c2ccccc2C)c1'],0.854,,
['CC(C)(C)OC(=O)NCC#CCC(NC(=O)C(Cc1ccc2ccccc2c1)Cc1cccc2ccccc12)C(=O)NC(CC1CCCCC1)C(O)CC(=O)NCCN1CCOCC1'],0.933,,
['CCCN(CCc1cccs1)C1CCc2c(cccc2OC(=O)Nc2ccc(C(C)C)cc2)C1'],0.973,,
['Clc1cc2sc3c(Cl)c(Cl)ccc3c2cc1Cl'],0.994,Clc1ccc2c(s[cH:1][cH:1]2)c1Cl,0.764
['CC(Cl)CC(Cl)CC(Cl)CC(Cl)CC(C)Cl'],0.511,,
['CCC(C)CNC(=O)c1ccc2c(c1)c(Cc1ccc(C(=O)NS(=O)(=O)c3ccccc3C)cc1OC)cn2C'],0.831,Cn1cc(Cc2ccc([CH3:1])c[cH:1]2)c2cc([CH3:1])ccc21,0.604
['Brc1ccc(Oc2ccc(Br)c(Br)c2)cc1'],0.905,Brc1cc[cH:1]cc1Br,0.677
['CCCCCCCC(=O)n1cc(CC(NC(=O)CC2NC(=O)C3C4CCC(CC4)N3C2=O)C(=O)NC(Cc2ccccc2)C(=O)N(C)Cc2ccccc2)c2ccccc21'],0.789,,
['CC(C)c1cccc(C(C)C)c1NC(=O)CC(CC(c1ccccc1)c1ccccc1)=NO'],0.832,,
['ClCC1(C(Cl)Cl)C2C(Cl)C(Cl)(Cl)C1(C(Cl)Cl)CC2(Cl)Cl'],1.000,ClC1C2[CH2:1]C[CH:1]([CH2:1]2)[CH:1]1Cl,0.836
['CC(C)C(C(=O)OC(C#N)c1cccc(Oc2ccc(Br)cc2)c1)c1ccc(OC(F)F)cc1'],0.965,,
['CC(C)CCC(C)Nc1ccc(NC(C)CCC(C)C)cc1'],0.083,,
['CC(C)C1=CC2=CCC3C(C)(C(=O)O)CCCC3(C)C2CC1'],0.349,,
['C[Si](C)(Cl)Cl'],0.022,,
['c1ccc2cc3ccccc3cc2c1'],0.145,,
['CC(=O)C(N=Nc1ccc(-c2ccc(N=NC(C(C)=O)C(=O)Nc3ccccc3C)c(Cl)c2)cc1Cl)C(=O)Nc1ccccc1C'],0.376,,
['O=S(=O)(O)c1c(N=Nc2c(O)ccc3ccccc23)ccc2ccccc12'],0.022,,
['CC(C)(C)c1cc(CCC(=O)OCC(COC(=O)CCc2cc(C(C)(C)C)c(O)c(C(C)(C)C)c2)(COC(=O)CCc2cc(C(C)(C)C)c(O)c(C(C)(C)C)c2)COC(=O)CCc2cc(C(C)(C)C)c(O)c(C(C)(C)C)c2)cc(C(C)(C)C)c1O'],0.942,,
['CC[Pb](CC)(CC)CC'],0.202,,
['CCCC(CC)CCCCCCCN'],0.000,,
['O=C(O)C(F)(C(F)(F)F)C(C(F)(F)F)(C(F)(F)F)C(F)(F)C(F)(F)F'],0.999,FC(F)(F)[CH:1](F)F,0.795
['O=P(O)(C(F)(F)C(F)(F)C(F)(F)C(F)(F)C(F)(F)C(F)(F)F)C(F)(F)C(F)(F)C(F)(F)C(F)(F)C(F)(F)C(F)(F)C(F)(F)C(F)(F)F'],1.000,FC(F)([PH2:1])[CH:1](F)F,0.706
['O=C(O)C=C(F)C(F)(F)C(F)(F)C(F)(F)C(F)(F)C(F)(F)C(F)(F)C(F)(F)C(F)(F)C(F)(F)F'],1.000,FC(F)(F)[CH:1](F)F,0.795
['CC12CCC(C1)C(C)(C)C2O'],0.359,,
['CCCCc1oc2ccccc2c1C(=O)c1ccc(O)cc1'],0.019,,
['CCCCCCCCCc1ccc(OCC(=O)O)cc1'],0.001,,
['COCC1=C(C(=O)O)N2C(=O)C(N)C2SC1'],0.001,,
['CCCCCCC(C=O)=Cc1ccccc1'],0.001,,
['CCCCCCCCCCCCCCCC(=O)OCC=C(C)CCC=C(C)C'],0.006,,
['c1ccc(C2CO2)cc1'],0.002,,
['CC(=O)c1cccc2ccccc12'],0.009,,
['Cc1ccc(N2C(=O)C=CC2=O)cc1N1C(=O)C=CC1=O'],0.019,,
['CCCCCCC(C)(C)S'],0.001,,
['CCCCCCCCC=CCCCCCCCC(=O)OCC(COC(=O)CCCCCCCC=CCCCCCCCC)OC(=O)CCCCCCCC=CCCCCCCCC'],0.010,,
['CCNC(=S)NCC'],0.000,,
['C1CCOCOC1'],0.000,,
['O=C(CC(=O)c1ccccc1)c1ccccc1'],0.002,,
['C1CNCCNCCNCCN1'],0.000,,
['CCCCNc1ccc(NCCCC)c2c1C(=O)c1ccccc1C2=O'],0.188,,
['O=C1C=CC(=O)c2ccccc21'],0.001,,
['C=C(C)c1cccc(C(C)(C)N=C=O)c1'],0.009,,
['O=C1NCCN1CCO'],0.000,,
['O=S(=O)(O)CCC[n+]1ccccc1'],0.000,,
['CC(O)CN(C)C'],0.001,,
['O=[N+]([O-])c1ccc(N=Nc2c(O)ccc3ccccc23)c([N+](=O)[O-])c1'],0.013,,
['COc1ccccc1N=Nc1c(O)ccc2ccccc12'],0.005,,
['O=C1C(N(CO)C(=O)NCO)N(CO)C(=O)N1CO'],0.000,,
['c1ccc(C(c2ccccc2)N2CCNCC2)cc1'],0.074,,
['CCCCOCC(C)O'],0.000,,
['C#CC1(O)CCCCC1'],0.001,,
['CCCCCCn1ncc(N)c1N'],0.001,,
['Cc1ccc(Nc2ccc(O)c3c2C(=O)c2ccccc2C3=O)cc1'],0.150,,
['N=C1N=C(N)c2ccccc21'],0.001,,
['Cn1ccnc1'],0.001,,
['Cc1cccc(N(CCO)CCO)c1'],0.006,,
['CCCCC(CC)COP1Oc2c(cc(C(C)(C)C)cc2C(C)(C)C)Cc2cc(C(C)(C)C)cc(C(C)(C)C)c2O1'],0.997,c1c2c(c([CH3:1])c[cH:1]1)O[PH:1]Oc1c(c[cH:1]cc1[CH3:1])C2,0.567
['CC1(C)COP(=S)(OP2(=S)OCC(C)(C)CO2)OC1'],0.112,,
['CC(=O)OC(c1ccccc1)C(Cl)(Cl)Cl'],0.045,,
['CC1(C)COC(=O)C2CC=CCC2C(=O)OC1'],0.002,,
['CC(C)C(C)C'],0.011,,
['CC(C)OCC1CO1'],0.000,,
['Cc1cc(C)c(O)c(C)c1'],0.023,,
['O=C(c1ccccc1)c1ccc(O)cc1O'],0.001,,
['CC(C)=CCCC(C)=CCCC(C)=CCCC=C(C)CCC=C(C)CCC=C(C)C'],0.047,,
['CCc1ccc(C2OC3COC(c4ccc(CC)cc4)OC3C(C(O)CO)O2)cc1'],0.077,,
['CC(C)=CCCC(C)C=O'],0.000,,
['C=CC(C)CCCC(C)(C)OC(C)=O'],0.001,,
['C=CC(=O)Oc1c(C(C)c2cc(C(C)(C)CC)cc(C(C)(C)CC)c2O)cc(C(C)(C)CC)cc1C(C)(C)CC'],0.983,c1c([CH3:1])cc([CH2:1]c2cc([CH3:1])cc([CH3:1])[cH:1]2)[cH:1]c1[CH3:1],0.606
['Nc1ccc(OCCO)c(N)c1'],0.001,,
['CCOCCOC(C)(C)C'],0.001,,
['CCCCCCCCC=CCCCCCCCC1=NCCN1CCO'],0.005,,
['OCCOCCOc1ccccc1'],0.000,,
['CO[Si](CCC1CCC2OC2C1)(OC)OC'],0.007,,
['CC1=CCC(C(C)(C)O)CC1'],0.005,,
['O=C(O)c1ccccc1C(=O)c1ccc(-c2ccccc2)cc1'],0.015,,
['CCCCCCCCSCCO'],0.000,,
['c1ccc(COc2ccc3ccccc3c2)cc1'],0.064,,
['O=[N+]([O-])c1ccccc1NCCO'],0.002,,
['CC(=O)C(N=Nc1ccc(Cl)cc1[N+](=O)[O-])C(=O)Nc1ccc2[nH]c(=O)[nH]c2c1'],0.007,,
['CCN(CC)CCOCCO'],0.000,,
['CN(CCC#N)c1ccc(C=CC2=[N+](C)c3ccccc3C2(C)C)cc1'],0.718,,
['OCCN(CCO)C(CO)(CO)CO'],0.000,,
['NC(CO)(CO)CO'],0.000,,
['CCCn1c(=O)c(C)cn2nc(N)nc12'],0.007,,
['CC(C)N(CCN)C(C)C'],0.010,,
['C=CC(=C)Cl'],0.000,,
['CCOCC(C)OC(C)=O'],0.000,,
['CCC(COC(=O)CCS)(COC(=O)CCS)COC(=O)CCS'],0.002,,
['CCNCCO'],0.000,,
['CCCCC(CC)COC(=O)Cl'],0.002,,
['CCCc1ccc(O)c(OC)c1'],0.001,,
['CC(O)CC(C)(C)O'],0.000,,
['C=C(C)C'],0.000,,
['O=S(=O)(O)c1ccc2nc(-c3ccccc3)[nH]c2c1'],0.001,,
['OCCN1CCNCC1'],0.001,,
['OCCN1CCCCC1'],0.001,,
['C=CC(=O)O[Si](C(C)C)(C(C)C)C(C)C'],0.039,,
['C=C(C)C(=O)OCC(CCC)CCCCC'],0.001,,
['COc1ccc(OC)c(C(C)(C)C)c1'],0.081,,
['CN(CCC#N)CCC#N'],0.007,,
['NCCCOCCOCCOCCCN'],0.000,,
['N#CCC(c1ccccc1)c1ccccc1'],0.074,,
['CC(=O)Oc1c(C)c(C)c2c(c1C)CCC(C)(CCCC(C)CCCC(C)CCCC(C)C)O2'],0.949,Cc1c2c([cH:1][cH:1]c1C)CCC(C)([CH3:1])O2,0.569
['CCN=c1cc2oc3cc(NCC)c(C)cc3c(-c3ccccc3C(=O)OC)c-2cc1C'],0.921,,
['C1=CCC(C2OCC3(CO2)COC(C2CC=CCC2)OC3)CC1'],0.011,,
['CC(C)(C)c1ccc(CCC=O)cc1'],0.019,,
['Nc1ccc(C(=O)NCCC(=O)O)cc1'],0.000,,
['CC1CCC(C(C)C)C(OCC(O)CO)C1'],0.001,,
['CCO[Si](CCCN)(OCC)OCC'],0.001,,
['Brc1cnc2ccccc2c1'],0.058,,
['CCN(CC)c1cccc(O)c1'],0.003,,
['Cc1occc(=O)c1O'],0.000,,
['CCCCCCCCCCCCCCCCCCCCC=C1OC(=O)C1CCCCCCCCCCCCCCCCCCCC'],0.017,,
['Cc1ccn[nH]1'],0.000,,
['O=C(O)c1cccc([N+](=O)[O-])c1'],0.000,,
['C=C(C)C(=O)OCCC[Si](OC)(OC)OC'],0.000,,
['COCCOCCCn1c(=O)c2c(N)c3c(=O)c4ccccc4c(=O)c3c(N)c2c1=O'],0.437,,
['Nc1ccc(C=Cc2ccc(N)cc2S(=O)(=O)O)c(S(=O)(=O)O)c1'],0.001,,
['Nc1ccc(Oc2ccc(N)cc2)cc1'],0.004,,
['CC(=O)CCc1ccc(O)cc1'],0.000,,
['CCCCOCc1ccc(O)c(OC)c1'],0.000,,
['COc1cc(OC)c(NC(=O)c2cc3ccccc3c(N=Nc3cc(C(=O)Nc4ccc(C(N)=O)cc4)ccc3OC)c2O)cc1Cl'],0.257,,
['Nc1c(N=Nc2ccc(Nc3nc(Cl)nc(Nc4cccc(S(=O)(=O)O)c4)n3)cc2S(=O)(=O)O)c(S(=O)(=O)O)cc2cc(S(=O)(=O)O)c(N=Nc3ccc(Nc4nc(Cl)nc(Nc5cccc(S(=O)(=O)O)c5)n4)cc3S(=O)(=O)O)c(O)c12'],0.058,,
['Nc1ccc(Nc2ccc(S(N)(=O)=O)cc2)cc1'],0.001,,
['NCCCC(=O)O'],0.000,,
['Nc1ccc2c3c(cccc13)C(=O)NC2=O'],0.021,,
['COc1cc(C=O)ccc1OC(=O)C(C)C'],0.001,,
['CC1CN(c2ccccc2)NC1=O'],0.003,,
['CC(O)CC(C)(C)c1ccccc1'],0.019,,
['Nc1ccc([N+](=O)[O-])cc1'],0.002,,
['C=Cc1ccncc1'],0.000,,
['O=c1c2ccccc2[nH]c2cc3c(=O)c4ccccc4[nH]c3cc12'],0.187,,
['O=C1NC(=O)C(=C2N=C(c3c(O)[nH]c(=O)[nH]c3=O)c3ccccc32)C(=O)N1'],0.006,,
['Nc1ccc(Nc2ccccc2)c(S(=O)(=O)O)c1'],0.001,,
['CCCCOc1ccc(-c2nc(-c3ccc(OCCCC)cc3O)nc(-c3ccc(OCCCC)cc3OCCCC)n2)c(O)c1'],0.231,,
['Nc1ccc2cc(S(=O)(=O)O)ccc2c1'],0.001,,
['Cc1nc(N)nc(N)n1'],0.002,,
['CCCCCCCCCCCCCCCC(=O)OCC(O)C1OC(=O)C(O)=C1O'],0.000,,
['Nc1nc(N)nc(-c2ccccc2)n1'],0.002,,
['C=C(C)C(=O)OCCOC(=O)NCCC(C)CC(C)(C)CNC(=O)OCCOC(=O)C(=C)C'],0.006,,
['CCOC(C)OCCc1ccccc1'],0.001,,
['C=C(C)C(=O)OCC[N+](C)(C)C'],0.001,,
['CCN(CC[N+](C)(C)CC(C)O)c1ccc(N=Nc2ccc([N+](=O)[O-])cc2Cl)cc1'],0.502,,
['O=P(O)(O)CN(CP(=O)(O)O)CP(=O)(O)O'],0.000,,
['CC(=O)OC(C)=O'],0.000,,
['CCCCCC(CCC)CCCO'],0.001,,
['CCCCCCCCCCC(C)C'],0.001,,
['C=CCO'],0.000,,
['CCCCCCCCCCCC(=O)N(C)CC(=O)O'],0.000,,
['CC1(C)SC2C(NC(=O)C(N)c3ccc(O)cc3)C(=O)N2C1C(=O)O'],0.004,,
['COc1ccc(C=O)cc1'],0.001,,
['c1ccc(Nc2ccccc2)cc1'],0.005,,
['CCCCCCCCCCCc1ccccc1'],0.002,,
['Nc1ccc(N)cc1'],0.001,,
['S=c1[nH]c2ccccc2[nH]1'],0.003,,
['O=C(c1ccccc1)C(O)c1ccccc1'],0.001,,
['c1ccc2n[nH]nc2c1'],0.001,,
['CC(=O)OCc1ccccc1'],0.001,,
['CCCCCC(CCC)COC(=O)OCC(CCC)CCCCC'],0.009,,
['CC(C)(C)C1CCC(OC(=O)OOC(=O)OC2CCC(C(C)(C)C)CC2)CC1'],0.149,,
['CCCCN(CCCC)C(=S)S'],0.003,,
['O=[N+]([O-])C(Br)(CO)CO'],0.001,,
['C=CC=C'],0.000,,
['C=C[Si](ON=C(C)CC)(ON=C(C)CC)ON=C(C)CC'],0.001,,
['CCCC'],0.001,,
['CCC(O)CO'],0.000,,
['C=CC(=O)OCCOC(=O)CCC(=O)O'],0.000,,
['CCCCOC(=O)C=CC(=O)O'],0.000,,
['C=COCCCC'],0.000,,
['CCCCCCC(O)CCCCCCCCCCOC(=O)OCCOCC(COCCOC(=O)OCCCCCCCCCCC(O)CCCCCC)OCCOC(=O)OCCCCCCCCCCC(O)CCCCCC'],0.010,,
['CCCCCCCCCCCCCCCC[n+]1ccccc1'],0.002,,
['O=C(O)CCl'],0.000,,
['O=C(Cl)CCl'],0.001,,
['CCCCCCCCCCCCCCCCCC[Si](C)(C)Cl'],0.013,,
['CCCl'],0.002,,
['C=CCl'],0.001,,
['ClC(Cl)Cl'],0.012,,
['CCC(=O)O'],0.000,,
['OCC=Cc1ccccc1'],0.000,,
['CS(=O)(=O)OCC1COC(Cn2ccnc2)(c2ccc(Cl)cc2Cl)O1'],0.048,,
['O=C(OCC1COC(CBr)(c2ccc(Cl)cc2Cl)O1)c1ccccc1'],0.701,Clc1ccc(C2(CBr)OC[CH2:1]O2)c(Cl)c1,0.676
['O=c1ccc2ccccc2o1'],0.003,,
['CC=CC=O'],0.000,,
['O=C=NCC1CCCC(CN=C=O)C1'],0.001,,
['OC1CCCCC1'],0.000,,
['ON=C1CCCCC1'],0.000,,
['OCC1OC2OC3C(CO)OC(OC4C(CO)OC(OC5C(CO)OC(OC6C(CO)OC(OC7C(CO)OC(OC8C(CO)OC(OC9C(CO)OC(OC1C(O)C2O)C(O)C9O)C(O)C8O)C(O)C7O)C(O)C6O)C(O)C5O)C(O)C4O)C(O)C3O'],0.002,,
['O=C1CCCC1'],0.000,,
['NC1CCCC1'],0.001,,
['CC1CC(C)(C)CC(OOC(C)(C)C)(OOC(C)(C)C)C1'],0.089,,
['C=CC[N+](C)(C)CC=C'],0.002,,
['O=C(O)CSSCC(=O)O'],0.000,,
['O=c1c2ccccc2ccc2ccccc12'],0.059,,
['C[N+](C)(Cc1ccccc1)Cc1ccccc1'],0.068,,
['BrCBr'],0.024,,
['CCCCCCCCCCNCCCCCCCCCC'],0.001,,
['CCO[Si](C)(C)OCC'],0.004,,
['CCOCOCC'],0.000,,
['CCSCC'],0.001,,
['CCCCCCCC[Sn]1(CCCCCCCC)OC(=O)CCS1'],0.027,,
['Oc1c(I)cc(I)c2cccnc12'],0.103,,
['CC(C)COP(=O)(O)OCC(C)C'],0.000,,
['CCCC[Sn](CCCC)(SCCC(=O)OCCCCCCCCCCC(C)C)SCCC(=O)OCCCCCCCCCCC(C)C'],0.110,,
['CC(C)CCCCCCCCCCOP(OCCCCCCCCCCC(C)C)Oc1ccccc1'],0.129,,
['COCOC'],0.000,,
['COC(=O)c1cc(C)cnc1C(=O)OC'],0.002,,
['COC(=O)c1ccccc1C(=O)OC'],0.002,,
['CCCP(=O)(OC)OC'],0.000,,
['COS(=O)(=O)OC'],0.000,,
['CS(C)(=O)=O'],0.000,,
['CCCN(C)C'],0.002,,
['CCCCCCCCCCCCCCCCCCSSCCCCCCCCCCCCCCCCCC'],0.014,,
['CCCCCCCCOCCCCCCCC'],0.000,,
['CCCCCCCC[Sn](CCCCCCCC)(OC(C)=O)OC(C)=O'],0.006,,
['O=C(Oc1ccccc1)Oc1ccccc1'],0.003,,
['O=S(=O)(c1ccccc1)c1ccccc1'],0.003,,
['COc1cc(S(=O)(=O)O)c(C)cc1NC(=O)C(N=Nc1ccc(-c2nc3ccc(C)c(S(=O)(=O)O)c3s2)cc1)C(C)=O'],0.071,,
['O=C(O)CN(CCO)CC(=O)O'],0.000,,
['C=CCCCCCCCCC(=O)NCCOC(=O)CC(C(=O)O)S(=O)(=O)O'],0.000,,
['C=C(Br)C(=O)Nc1ccc(S(=O)(=O)O)c(N=NC2C(=O)N(c3cc(Cl)c(S(=O)(=O)O)cc3Cl)N=C2C)c1'],0.072,,
['O=S(=O)(O)c1cc(O)c2c(S(=O)(=O)O)cccc2c1'],0.000,,
['O=C1CCCCCCCCCCCN1'],0.000,,
['CCCCCCCCCCCC#N'],0.001,,
['CCCCCCCCCCCC[N+](C)(C)CC(O)CS(=O)(=O)O'],0.000,,
['CNC(C)C(O)c1ccccc1'],0.002,,
['CC12CCC3C4CCC(=O)C=C4CCC3C1CCC2=O'],0.232,,
['CNCCS(=O)(=O)O'],0.000,,
['OCCOCCO'],0.000,,
['CC1COc2ccccc2N1C(=O)C(Cl)Cl'],0.116,,
['CCOc1ccc2c(c1)C(C)=CC(C)(C)N2'],0.073,,
['C=C(C#N)C(=O)OCC'],0.001,,
['CCOC(=O)CC1(C)OCCO1'],0.000,,
['CCOC(=O)c1ccc(N(C)C)cc1'],0.005,,
['C=CC(=O)OCC'],0.000,,
['CCOC(=O)C(N)C(C)O'],0.000,,
['CCOC(=O)OC'],0.000,,
['CCOC(=O)Cc1ccccc1'],0.001,,
['CCN'],0.000,,
['CCc1ccc(S(=O)(=O)O)cc1'],0.000,,
['O=COCCOC=O'],0.000,,
['CCC(=O)OC1CC2CCC1(C)C2(C)C'],0.183,,
['CN(C)C(=O)Nc1ccccc1'],0.002,,
['O=C(O)c1ccc(C(=O)O)o1'],0.000,,
['O=CC(=O)O'],0.000,,
['C=CCCCCCCCCCCCCCC'],0.000,,
['CCCCCCCCCCCCCCCCOC(=O)c1cc(C(C)(C)C)c(O)c(C(C)(C)C)c1'],0.200,,
['O=C1CCCCCO1'],0.000,,
['CC(=O)CO'],0.000,,
['O=C(c1ccccc1)C1(O)CCCCC1'],0.003,,
['c1c[nH]cn1'],0.000,,
['c1ccc(P(c2ccccc2)c2ccccc2)cc1'],0.231,,
['CC(C)CN'],0.001,,
['CO[Si](CC(C)C)(OC)C(C)C'],0.028,,
['CC(C)C(=O)OC(=O)C(C)C'],0.000,,
['CC(C)CCOC(=O)c1ccccc1'],0.001,,
['COc1ccc(C=CC(=O)OCCC(C)C)cc1'],0.002,,
['O=C(O)c1cccc(C(=O)O)c1'],0.000,,
['NCCCC(N)C(=O)O'],0.000,,
['CC1CCC(C(C)C)C(=O)C1'],0.004,,
['CCOC(=O)C(Cc1cc(I)c(Oc2ccc(OC)cc2)c(I)c1)NC(C)=O'],0.470,,
['CC(=O)NC(Cc1cc([N+](=O)[O-])c(O)c([N+](=O)[O-])c1)C(=O)O'],0.001,,
['CCCCCCCCCCCC(=O)Cl'],0.000,,
['Cc1cccc(C)c1'],0.024,,
['CCCCCCCCCc1cc2ccccc2c(S(=O)(=O)O)c1CCCCCCCCC'],0.203,,
['CNCC(O)C(O)C(O)C(O)CO'],0.000,,
['C=C(C)C#N'],0.002,,
['C=C(C)C(=O)Cl'],0.001,,
['COC(=O)C(C)O'],0.000,,
['COc1ccc2ccccc2c1'],0.020,,
['COC(=O)C1CC1'],0.000,,
['COP(=O)(O)O'],0.000,,
['CC(=O)CC(C)(C)OO'],0.000,,
['CNC(N)=O'],0.000,,
['CC(C)C(NC(N)=O)NC(N)=O'],0.000,,
['C[Si](NC1CCCCC1)(NC1CCCCC1)NC1CCCCC1'],0.079,,
['O=C1CCCCCN1C(=O)Nc1ccc(Cc2ccc(NC(=O)N3CCCCCC3=O)cc2)cc1'],0.674,,
['CC1(C)CC(N(C=O)CCCCCCN(C=O)C2CC(C)(C)NC(C)(C)C2)CC(C)(C)N1'],0.576,,
['c1ccc(N(CC2CO2)CC2CO2)cc1'],0.012,,

