Fold 0
Model 0 best validation auc = 0.991245 on epoch 14
Model 0 test auc = 0.985196
Ensemble test auc = 0.985196
Fold 1
Model 0 best validation auc = 0.991366 on epoch 28
Model 0 test auc = 0.991383
Ensemble test auc = 0.991383
Fold 2
Model 0 best validation auc = 0.993444 on epoch 27
Model 0 test auc = 0.991228
Ensemble test auc = 0.991228
Fold 3
Model 0 best validation auc = 0.996884 on epoch 22
Model 0 test auc = 0.993505
Ensemble test auc = 0.993505
Fold 4
Model 0 best validation auc = 0.986643 on epoch 18
Model 0 test auc = 0.994664
Ensemble test auc = 0.994664
Fold 5
Model 0 best validation auc = 0.994019 on epoch 16
Model 0 test auc = 0.987869
Ensemble test auc = 0.987869
Fold 6
Model 0 best validation auc = 0.993969 on epoch 29
Model 0 test auc = 0.989476
Ensemble test auc = 0.989476
Fold 7
Model 0 best validation auc = 0.995197 on epoch 25
Model 0 test auc = 0.991217
Ensemble test auc = 0.991217
Fold 8
Model 0 best validation auc = 0.990499 on epoch 10
Model 0 test auc = 0.991139
Ensemble test auc = 0.991139
Fold 9
Model 0 best validation auc = 0.987588 on epoch 19
Model 0 test auc = 0.990377
Ensemble test auc = 0.990377
10-fold cross validation
	Seed 0 ==> test auc = 0.985196
	Seed 1 ==> test auc = 0.991383
	Seed 2 ==> test auc = 0.991228
	Seed 3 ==> test auc = 0.993505
	Seed 4 ==> test auc = 0.994664
	Seed 5 ==> test auc = 0.987869
	Seed 6 ==> test auc = 0.989476
	Seed 7 ==> test auc = 0.991217
	Seed 8 ==> test auc = 0.991139
	Seed 9 ==> test auc = 0.990377
Overall test auc = 0.990605 +/- 0.002542
Elapsed time = 0:33:46
