smiles,0,rationale,rationale_score
['Cc1ccccc1C(OCCN(C)C)c1ccccc1'],0.252,,
['C[C@H]1CC2C3CCC4=CC(=O)C=CC4(C)[C@@]3(F)[C@H](O)CC2(C)C1(O)C(=O)CO'],0.804,F[C@]12C(CC[CH2:1][CH2:1]1)[CH2:1][CH2:1]C[CH2:1]2,0.748
['CC(=O)OCC(=O)[C@]1(O)CC[C@@H]2[C@H]3CCC4=CC(=O)CC[C@@]4(C)[C@@H]3C(=O)C[C@]21C'],0.647,C1C[CH2:1][C:1][C@H]2[C@H]1[C@H]1CC[C:1]([CH3:1])[C:1]1C[CH2:1]2,0.542
['CCC1(c2ccccc2)C(O)=NC(=O)N=C1O'],0.000,,
['CCC1(CC)C(=O)N(C)C(=O)N=C1O'],0.000,,
['CCC1(c2ccccc2)N=C(O)N(C)C1=O'],0.004,,
['C=C1CC[C@@H](O)C/C1=C\\C=C1/CCCC2(C)C1CCC2C(C)/C=C/C(C)C(C)C'],0.859,CC(C1CCC2C(=[CH2:1])CCCC21C)[CH3:1],0.516
['O=P1(N(CCCl)CCCl)NCCCO1'],0.016,,
['C[C@@]12CCC(=O)C=C1CC[C@H]1[C@H]2[C@H](O)C[C@]2(C)[C@@H]1CC[C@@]2(O)C(=O)CO'],0.344,,
['C[C@@]12C=CC(=O)C=C1CC[C@H]1[C@H]2[C@H](O)C[C@]2(C)[C@@H]1CC[C@@]2(O)C(=O)CO'],0.129,,
['CC12CCC3c4ccc(O)cc4CCC3C1C[C@H](O)[C@H]2O'],0.224,,
['CC12CCC3c4ccc(O)cc4CCC3C1CC[C@H]2O'],0.460,,
['CCCCC1C(=O)N(c2ccccc2)N(c2ccccc2)C1=O'],0.237,,
['O=C1N=C(O)CCC1N1C(=O)c2ccccc2C1=O'],0.001,,
['COC(=O)[C@@H]1C2CCC(C[C@@H]1OC(=O)c1ccccc1)N2C'],0.055,,
['CCN(CC)C(=O)C1C=C2c3cccc4[nH]cc(c34)CC2N(C)C1'],0.617,CN1CC([CH3:1])C=C2c3cccc4[nH]cc(c34)CC21,0.553
['CNCCCN1c2ccccc2CCc2ccccc21'],0.556,c1ccc2c(c1)CCc1ccccc1N2[CH3:1],0.705
['CN(C)CCC=C1c2ccccc2CCc2ccccc21'],0.597,c1ccc2c(c1)CCc1ccccc1[CH2:1]2,0.794
['CN(C)CCCN1c2ccccc2CCc2ccccc21'],0.725,c1ccc2c(c1)CCc1ccccc1N2[CH3:1],0.705
['CN(C)CCCN1c2ccccc2Sc2ccc(Cl)cc21'],0.928,Clc1ccc2c(c1)[NH:1]c1ccccc1S2,0.792
['CC(=O)Oc1ccccc1C(=O)O'],0.000,,
['O=c1nc(O)c(F)cn1C1CC(O)C(CO)O1'],0.000,,
['CCN(CC)CCNC(=O)c1ccc(N)cc1'],0.002,,
['O=C(NNCCC(O)=NCc1ccccc1)c1ccncc1'],0.001,,
['Oc1ncc(F)c(O)n1'],0.000,,
['CN1C2C[C@@H](OC(=O)C(CO)c3ccccc3)CC1[C@@H]1O[C@H]21'],0.081,,
['O=C(O)[C@H]1CC(O)CN1'],0.000,,
['CNC[C@H](O)c1ccc(O)c(O)c1'],0.000,,
['CCCc1cc(O)nc(S)n1'],0.001,,
['CN1C2CCC1CC(OC(=O)C(CO)c1ccccc1)C2'],0.046,,
['NCCc1ccc(O)c(O)c1'],0.000,,
['C[C@H](N)Cc1ccccc1'],0.005,,
['NNCCc1ccccc1'],0.002,,
['CN(CCCl)CCCl'],0.009,,
['CCOC(=N)O'],0.000,,
['CC(=O)S[C@@H]1CC2=CC(=O)CCC2(C)C2CCC3(C)C(CC[C@@]34CCC(=O)O4)C21'],0.979,CC12CC[CH2:1][CH2:1]C1CC[C@@]21CC[CH2:1]O1,0.864
['S=P(N1CC1)(N1CC1)N1CC1'],0.966,C1CN1[P:1](N1CC1)N1CC1,0.921
['COc1ccc(CCN(C)CCCC(C#N)(c2ccc(OC)c(OC)c2)C(C)C)cc1OC'],0.983,COc1cc(CC[NH:1]CCC[CH:1](c2cc[cH:1][cH:1]c2)C(C)C)cc[cH:1]1,0.570
['CC(C)(S)C(N)C(=O)O'],0.000,,
['N[C@H](CS)C(=O)O'],0.000,,
['CC12C=CC(=O)C=C1CCC1C2C(=O)CC2(C)C1CC[C@@]2(O)C(=O)CO'],0.175,,
['CC12COC(=O)C[C@H]1CCC1C2CCC2(C)C1CC[C@@]2(C)O'],0.882,CC12CCC3C(CC[CH2:1][CH2:1]3)C1CC[C:1]2C,0.678
['CC12CCC3C(CC=C4C[C@H](O)CCC43C)C1CCC2=O'],0.822,CC12CC[CH2:1]CC1=CCC1C2CC[CH2:1][CH2:1]1,0.685
['CCN(CC)CCCC(C)Nc1ccnc2cc(Cl)ccc12'],0.265,,
['CN1CCC[C@@H]1c1cccnc1'],0.019,,
['CC(C)(C(=O)c1cccnc1)c1cccnc1'],0.013,,
['O=c1nc(O)c(I)cn1C1CC(O)C(CO)O1'],0.001,,
['NNC(=O)c1ccncc1'],0.000,,
['O=C(CCBr)N1CCN(C(=O)CCBr)CC1'],0.084,,
['CC(C)NNC(=O)c1ccncc1'],0.000,,
['CN=C(NC)NCc1ccccc1'],0.001,,
['CC(C)OP(=O)(F)OC(C)C'],0.001,,
['CN1C(=O)N=C(O)C(C)(C2=CCCCC2)C1=O'],0.001,,
['C[C@@H](N)C(=O)O'],0.000,,
['N[C@H](CO)C(=O)O'],0.000,,
['C=CC1CN2CCC1CC2[C@H](O)c1ccnc2ccc(OC)cc12'],0.619,c1cc([CH2:1]C2CC3CCN2C[CH2:1]3)c2c[cH:1]ccc2n1,0.538
['O=[N+]([O-])c1ccc([C@H](O)[C@H](CO)N=C(O)C(Cl)Cl)cc1'],0.001,,
['N[C@H](CC(=O)O)C(=O)O'],0.000,,
['N=C(O)CC[C@@H](N)C(=O)O'],0.000,,
['N[C@H](CCC(=O)O)C(=O)O'],0.000,,
['NCCCC[C@@H](N)C(=O)O'],0.000,,
['N[C@H](CSSC[C@@H](N)C(=O)O)C(=O)O'],0.000,,
['CN(CC(=O)O)C(=N)N'],0.000,,
['CN1CCC23c4c5ccc(O)c4OC2C(O)C=CC3C1C5'],0.579,C1=C[CH2:1]C2Oc3c4c(cc[cH:1]3)CC3C1C42CC[NH:1]3,0.956
['OC1=NC(c2ccccc2)(c2ccccc2)C(O)=N1'],0.005,,
['CCOC(=O)C1(c2ccccc2)CCN(C)CC1'],0.196,,
['CCC1(CCC(C)C)C(O)=NC(=O)N=C1O'],0.000,,
['CCC1(CC)C(O)=NC(=O)N=C1O'],0.000,,
['CN=C(O)Oc1ccc2c(c1)C1(C)CCN(C)C1N2C'],0.495,,
['CCCC(C)(COC(=N)O)COC(=N)O'],0.000,,
['C#C[C@@]1(O)CC[C@@H]2[C@H]3CCc4cc(O)ccc4[C@@H]3CC[C@]21C'],0.807,C#C[C:1]1CC[C@H]2[C@@]1(C)CC[CH2:1][CH2:1]2,0.562
['CCCN(CCC)S(=O)(=O)c1ccc(C(=O)O)cc1'],0.000,,
['N=C(N)NS(=O)(=O)c1ccc(N)cc1'],0.000,,
['Cc1cc(C)nc(NS(=O)(=O)c2ccc(N)cc2)n1'],0.004,,
['CC(=O)[C@@H]1CC[C@@H]2[C@H]3CCC4=CC(=O)CC[C@@]4(C)[C@@H]3CC[C@]21C'],0.844,C[C@@]12CC[CH2:1]C=C1CC[C@H]1[C@H]2CC[C:1][CH2:1]1,0.553
['CCC(=O)O[C@@H]1CCC2C3CCC4=CC(=O)CCC4(C)C3CCC21C'],0.779,CC12CCC3C(CC[CH2:1][CH2:1]3)C1CC[CH2:1]2,0.612
['CCc1nc(=N)[nH]c(N)c1-c1ccc(Cl)cc1'],0.046,,
['Cc1c(N(C)C)c(=O)n(-c2ccccc2)n1C'],0.087,,
['CC12CCC(=O)C=C1CCC1C2CCC2(C)C1CC[C@@]2(C)O'],0.868,CC12CC[CH2:1]C=C1CCC1C2CC[CH2:1][CH2:1]1,0.688
['CC1CC2(C)C(CCC3C4CCC(O)C4(C)CCC32)CC1=O'],0.771,CC12CCC3C(CC[CH2:1][CH2:1]3)C1CC[CH2:1]2,0.612
['CC12CCC(=O)C=C1CCC1C2CCC2(C)C1CC[C@H]2O'],0.689,CC12CCC3C(CC[CH2:1][CH2:1]3)C1CC[CH2:1]2,0.612
['CC1=CC(=O)c2ccccc2C1=O'],0.001,,
['OCCN(CCO)c1nc(N2CCCCC2)c2nc(N(CCO)CCO)nc(N3CCCCC3)c2n1'],0.409,,
['OCCN1CCN(CCCN2c3ccccc3Sc3ccc(Cl)cc32)CC1'],0.980,c1ccc2c(c1)Sc1cc[cH:1]cc1N2[CH3:1],0.742
['CN(C)CCCN1c2ccccc2Sc2ccccc21'],0.740,c1ccc2c(c1)Sc1ccccc1N2[CH3:1],0.742
['COc1cc2c(cc1OC)C1CC(=O)C(CC(C)C)CN1CC2'],0.750,c1c2c(c[cH:1][cH:1]1)C1C[CH2:1][CH2:1]CN1CC2,0.501
['Cn1c(=O)c2nc[nH]c2n(C)c1=O'],0.001,,
['Nc1ncnc2c1ncn2[C@H]1O[C@@H](CO)[C@H](O)[C@@H]1O'],0.000,,
['CN(C)CCOC(c1ccccc1)c1ccccc1'],0.113,,
['O=C(O)CCCCC1SCC2N=C(O)NC21'],0.000,,
['NS(=O)(=O)c1cc2c(cc1Cl)NCNS2(=O)=O'],0.002,,
['NS(=O)(=O)c1cc2c(cc1Cl)N=CNS2(=O)=O'],0.000,,
['CN(Cc1cnc2nc(=N)[nH]c(N)c2n1)c1ccc(C(=O)NC(CCC(=O)O)C(=O)O)cc1'],0.002,,
['N=c1nc(O)c2nc(CNc3ccc(C(=O)NC(CCC(=O)O)C(=O)O)cc3)cnc2[nH]1'],0.001,,
['CNC[C@@H](O)c1cccc(O)c1'],0.000,,
['CCN(CC)CCOC(=O)c1ccc(N)cc1'],0.002,,
['OCC(S)CS'],0.000,,
['Cc1cc(C(=O)NNCc2ccccc2)no1'],0.001,,
['CC(O)=Nc1nnc(S(N)(=O)=O)s1'],0.000,,
['O=C(O)c1cccnc1'],0.000,,
['N=C(O)NN=Cc1ccc([N+](=O)[O-])o1'],0.000,,
['N[C@@H](Cc1ccc(O)c(O)c1)C(=O)O'],0.000,,
['c1ccc(CC2=NCCN2)cc1'],0.002,,
['N[C@H](Cc1ccc(O)cc1)C(=O)O'],0.000,,
['NCCS'],0.000,,
['NCCCCCC(=O)O'],0.000,,
['CN(C)C1C(O)=C(C(=N)O)C(=O)C2(O)C(O)=C3C(=O)c4c(O)cccc4C(C)(O)C3CC12'],0.025,,
['Cn1ccnc1S'],0.001,,
['Cc1cc(=O)n(-c2ccccc2)n1C'],0.020,,
['CC(CN1c2ccccc2Sc2ccccc21)N(C)C'],0.835,c1ccc2c(c1)Sc1ccccc1N2[CH3:1],0.742
['COc1ccc2c(c1)N(C[C@@H](C)CN(C)C)c1ccccc1S2'],0.940,c1ccc2c(c1)Sc1cc[cH:1]cc1N2[CH3:1],0.742
['CC(=O)c1ccc2c(c1)N(CCCN(C)C)c1ccccc1S2'],0.547,c1ccc2c(c1)Sc1cc[cH:1]cc1N2[CH3:1],0.742
['Nc1ncnc2c1ncn2[C@H]1O[C@@H](COP(=O)(O)O)[C@H](O)[C@@H]1O'],0.000,,
['CN(C)CCc1c[nH]c2ccccc12'],0.016,,
['CCN(CC)CCc1c[nH]c2ccccc12'],0.022,,
['Cc1cccc(Nc2ccccc2C(=O)O)c1C'],0.011,,
['CC(C)C[C@@H](N)C(=O)O'],0.000,,
['CCOc1ccc(N=C(C)O)cc1'],0.001,,
['C[C@@]12CCC3C(CCC4=CC(=O)CC[C@]43C)C1CCC2=O'],0.841,C[C@@]12CC[CH2:1]C=C1CCC1C2CC[C:1][CH2:1]1,0.505
['CCN(CC)C(=O)C1CN2CCc3cc(OC)c(OC)cc3C2CC1OC(C)=O'],0.788,c1c2c(c[cH:1][cH:1]1)C1C[CH2:1][CH2:1]CN1CC2,0.501
['CSCC[C@@H](N)C(=O)O'],0.000,,
['Nc1ccc(S(N)(=O)=O)cc1'],0.000,,
['N[C@H](Cc1ccccc1)C(=O)O'],0.000,,
['N=C(O)N=C(O)Cc1ccccc1'],0.000,,
['CCCCN=C(O)NS(=O)(=O)c1ccc(C)cc1'],0.000,,
['COc1cc2c(c(OC)c1OC)-c1ccc(OC)c(=O)cc1[C@H](N=C(C)O)CC2'],0.711,COc1ccc2c(cc1=O)[CH2:1]CCc1c[cH:1][cH:1][cH:1]c1-2,0.598
['Cc1ncc(CO)c(CO)c1O'],0.001,,
['N=C(O)c1ccccc1O'],0.000,,
['Nc1ccc(C(=O)O)c(O)c1'],0.000,,
['Oc1ncc(N(CCCl)CCCl)c(O)n1'],0.003,,
['O=c1oc2ccccc2c(O)c1Cc1c(O)c2ccccc2oc1=O'],0.094,,
['O=C1N=C(O)CN1N=Cc1ccc([N+](=O)[O-])o1'],0.000,,
['O=C1OCCN1N=Cc1ccc([N+](=O)[O-])o1'],0.000,,
['C=C1CC[C@@H](O)C/C1=C\\C=C1/CCCC2(C)C1CCC2C(C)CCCC(C)C'],0.782,CC12CCC/C(=C\C=C3/C[CH2:1]CC[CH2:1]3)C1CC[CH2:1]2,0.546
['C#C[C@]1(O)CCC2C3CCC4=CC(=O)CCC4C3CCC21C'],0.726,C#C[C:1]1CCC2C1(C)CC[CH2:1][CH2:1]2,0.523
['Nc1ccc(S(=O)(=O)Nc2ncccn2)cc1'],0.001,,
['N[C@H]1CON=C1O'],0.000,,
['OCCOCCN1CCN(C(c2ccccc2)c2ccc(Cl)cc2)CC1'],0.826,Clc1ccc(C(c2ccccc2)N2CC[NH:1]CC2)cc1,0.732
['OC[C@@H](O)[C@@H](O)[C@H](O)[C@H](O)CO'],0.000,,
['Oc1c(Cl)cc(Cl)c(Cl)c1Cc1c(O)c(Cl)cc(Cl)c1Cl'],0.983,Clc1cc(Cl)[cH:1][cH:1]c1Cl,0.838
['N=C(O)C[C@@H](N)C(=O)O'],0.000,,
['CC(=O)N(O)CCCCCN=C(O)CCC(=O)N(O)CCCCCN=C(O)CCC(=O)N(O)CCCCCN'],0.000,,
['N[C@H](Cc1cnc[nH]1)C(=O)O'],0.000,,
['CCCCCO'],0.000,,
['NCCCNCCCCNCCCN'],0.000,,
['CC(=O)O[C@]1(C(C)=O)CC[C@@H]2[C@H]3CC(C)C4=CC(=O)CC[C@@]4(C)[C@@H]3CC[C@]21C'],0.966,C1C[C:1]2[C@H](CC[C:1]2[CH3:1])[C@H]2C[CH2:1][CH2:1][C:1][C@H]12,0.541
['CC1OC(OC2C(O)CC(OC3C(O)CC(O[C@@H]4CCC5(C)C6CCC7(C)C(C8=CC(=O)OC8)CCC7(O)C6CC[C@H]5C4)OC3C)OC2C)CC(O)C1O'],0.425,,
['Nc1ccc(S(=O)(=O)Nc2nccs2)cc1'],0.001,,
['CC(C)[C@@H](N)C(=O)O'],0.000,,
['C[C@H](O)[C@@H](N)C(=O)O'],0.000,,
['C#C[C@]1(O)CCC2C3CCc4cc(OC)ccc4C3CCC21C'],0.982,C#C[C:1]1CCC2C1(C)CC[CH2:1][CH2:1]2,0.523
['Cc1ccccc1-n1c(C)nc2ccccc2c1=O'],0.221,,
['CNCCC=C1c2ccccc2CCc2ccccc21'],0.444,,
['N[C@H](Cc1c[nH]c2ccccc12)C(=O)O'],0.000,,
['Nc1nc[nH]c2ncnc1-2'],0.000,,
['COc1ccc2[nH]cc(CCN=C(C)O)c2c1'],0.004,,
['CC[C@H](C)[C@@H](N)C(=O)O'],0.000,,
['CCC1N=C(O)c2cc(S(N)(=O)=O)c(Cl)cc2N1'],0.002,,
['N=C(N)NCCC[C@@H](N)C(=O)O'],0.000,,
['COC(F)(F)C(Cl)Cl'],0.182,,
['CN1CCC23c4c5ccc(O)c4OC2C(=O)CCC3(O)C1C5'],0.753,c1c[cH:1]c2c3c1CC1[NH:1]CCC34C(O2)[CH2:1]CC[CH:1]14,0.982
['COc1ccc2c3c1OC1C(=O)CCC4(O)C(C2)N(C)CCC314'],0.974,c1c[cH:1]c2c3c1CC1[NH:1]CCC34C(O2)[CH2:1]CC[CH:1]14,0.982
['CC12CCC(=O)C=C1CCC1C3CC[C@@](C)(O)C3(C)C[C@@H](O)C12F'],0.969,FC12C(CC[CH2:1][CH2:1]1)[CH2:1][CH2:1]C[CH2:1]2,0.721
['CCN(CC)CC(=O)OCC(=O)C1(O)CCC2C3CCC4=CC(=O)CCC4(C)C3C(O)CC21C'],0.597,CC12C[CH2:1]C3C(CC[CH2:1][CH2:1]3)C1CC[CH2:1]2,0.612
['COc1ccc2c3c1OC1C(O)C=CC4C(C2)N(C)CCC341'],0.941,C1=C[CH2:1]C2Oc3c4c(cc[cH:1]3)CC3C1C42CC[NH:1]3,0.956
['CCOc1ccc2c3c1OC1C(O)C=CC4C(C2)N(C)CCC341'],0.944,C1=C[CH2:1]C2Oc3c4c(cc[cH:1]3)CC3C1C42CC[NH:1]3,0.956
['C=CCC1(C(C)CCC)C(O)=NC(=O)N=C1O'],0.000,,
['CCCC(C)C1(CC)C(O)=NC(=O)N=C1O'],0.000,,
['CCCC(C)C1(CC)C(O)=NC(=S)N=C1O'],0.000,,
['CCC(=O)C(CC(C)N(C)C)(c1ccccc1)c1ccccc1'],0.660,c1ccc(C(C[CH3:1])(c2ccccc2)[CH2:1][CH3:1])cc1,0.608
['C=CCC1(C(C)C)C(O)=NC(=O)N=C1O'],0.000,,
['CN1CC[C@]23CCCC[C@H]2[C@H]1Cc1ccc(O)cc13'],0.863,CN1CC[C@]23CCCC[C@H]2[C@H]1C[CH:1]=[CH:1]3,0.597
['c1ccc(C2(N3CCCCC3)CCCCC2)cc1'],0.841,,
['CCC1(c2ccccc2)CCC(O)=NC1=O'],0.005,,
['C=CCC1(CC(C)C)C(O)=NC(=O)N=C1O'],0.000,,
['C=CCC1(C(C)CCC)C(O)=NC(=S)N=C1O'],0.000,,
['CCCCC1(CC)C(O)=NC(=O)N=C1O'],0.000,,
['NS(=O)(=O)c1cc(C2(O)N=C(O)c3ccccc32)ccc1Cl'],0.038,,
['OC(CCN1CCCC1)(c1ccccc1)C1CCCCC1'],0.512,c1ccc([CH:1](CCN2CCCC2)C2CCCCC2)cc1,0.518
['OC(CCN1CCCCC1)(c1ccccc1)C1CCCC1'],0.570,c1ccc([CH:1](CCN2CCCCC2)C2CCCC2)cc1,0.576
['CN1C(=O)CC(C)(c2ccccc2)C1=O'],0.076,,
['CCC1(C)CC(O)=NC1=O'],0.000,,
['CCCC(C)(COC(=N)O)COC(O)=NC(C)C'],0.000,,
['CC(C)CO'],0.000,,
['COc1ccc(NS(=O)(=O)c2ccc(N)cc2)nn1'],0.001,,
['C[N+]1(C)C2CCC1CC(OC(=O)C(O)c1ccccc1)C2'],0.016,,
['CN1C(=O)CCS(=O)(=O)C1c1ccc(Cl)cc1'],0.034,,
['CC(=O)CC(c1ccccc1)c1c(O)c2ccccc2oc1=O'],0.039,,
['CN1CCC2=C(C1)C(c1ccccc1)c1ccccc12'],0.888,CN1CCC2=C(C1)C([CH3:1])c1ccccc12,0.575
['CN1CCN(C(c2ccccc2)c2ccccc2)CC1'],0.481,,
['Cc1c(N)c(=O)n(-c2ccccc2)n1C'],0.014,,
['O=C1c2ccccc2C(=O)C1c1ccccc1'],0.039,,
['CC(O)=Nc1c(C)n(C)n(-c2ccccc2)c1=O'],0.006,,
['CC1CC2C(C(O)CC3(C)C2CCC3(O)C(=O)CO)C2(C)C=CC(=O)C=C12'],0.129,,
['Cn1cnc2c1c(O)nc(=O)n2C'],0.000,,
['Cc1cc2nc3c(O)nc(=O)nc-3n(CC(O)C(O)C(O)CO)c2cc1C'],0.003,,
['CC1=C(C/C=C(\\C)CCC[C@@H](C)CCC[C@@H](C)CCCC(C)C)C(=O)c2ccccc2C1=O'],0.391,,
['CC(CN(C)C)CN1c2ccccc2Sc2ccccc21'],0.883,c1ccc2c(c1)Sc1ccccc1N2[CH3:1],0.742
['CCCCOc1cc(C(O)=NCCN(CC)CC)c2ccccc2n1'],0.023,,
['CN1CCC(N(Cc2cccs2)c2ccccc2)CC1'],0.698,,
['CN1C2CCC1CC(OC(c1ccccc1)c1ccccc1)C2'],0.827,c1ccc(C(OC2CC3CCC(C2)[NH:1]3)c2ccccc2)cc1,0.543
['CCN(CC)C(C)C=C(c1cccs1)c1cccs1'],0.206,,
['CN(C)CCC(c1ccccc1)c1ccccn1'],0.075,,
['CN1C(=O)CC(c2ccccc2)C1=O'],0.010,,
['CCN1C(=O)C(c2ccccc2)N=C1O'],0.000,,
['NN=c1[nH]ncc2ccccc12'],0.000,,
['O=[N+]([O-])OC1COC2C(O[N+](=O)[O-])COC12'],0.000,,
['COc1cc(NC(C)CCCN)c2ncccc2c1'],0.014,,
['CN[C@@H](C)[C@H](O)c1ccccc1'],0.002,,
['CCN(CC)C(C)C(=O)c1ccccc1'],0.005,,
['CCN(CC)C(=O)N1CCN(C)CC1'],0.009,,
['NS(=O)(=O)c1cc2c(cc1Cl)N=C(CSCc1ccccc1)NS2(=O)=O'],0.079,,
['CCN(CC)c1ccccc1'],0.019,,
['c1ccc(CN(CC2=NCCN2)c2ccccc2)cc1'],0.063,,
['CN(C)CCN(Cc1cccs1)c1ccccn1'],0.067,,
['CN(C)CCN(Cc1ccccc1)c1ccccn1'],0.069,,
['COc1ccc(CN(CCN(C)C)c2ccccn2)cc1'],0.194,,
['Nc1ccc2cc3ccc(N)cc3nc2c1'],0.046,,
['COc1ccccc1OCC(O)CO'],0.000,,
['CCOC(=O)c1ccc(N)cc1'],0.001,,
['CCCN=C(O)NS(=O)(=O)c1ccc(Cl)cc1'],0.000,,
['N=c1ccc(N=Nc2ccccc2)c(N)[nH]1'],0.000,,
['Oc1nc2cc(Cl)ccc2o1'],0.008,,
['Cc1cccc(C)c1N=C(O)C1CCCCN1C'],0.034,,
['Oc1c(Cl)cc(Cl)cc1Sc1cc(Cl)cc(Cl)c1O'],0.734,Clc1cc(Cl)[cH:1]c(S[CH3:1])c1,0.574
['O=C(Cl)c1ccccc1'],0.007,,
['N=C(O)c1cccnc1'],0.000,,
['N=C(O)c1cnccn1'],0.000,,
['CCCCOc1cc(C(=O)OCCN(CC)CC)ccc1N'],0.007,,
['CCCC(CCC)C(=O)O'],0.000,,
['CNC(C)(C)Cc1ccccc1'],0.019,,
['C1N2CN3CN1CN(C2)C3'],0.629,,
['CN1C2CCC1CC(OC(=O)[C@@H](CO)c1ccccc1)C2'],0.047,,
['Oc1ccc(OCc2ccccc2)cc1'],0.005,,
['CC(O)=Nc1ccc(O)cc1'],0.000,,
['NCCc1cc[nH]n1'],0.000,,
['C#CCO'],0.000,,
['Oc1ccccc1'],0.000,,
['O=C(O)/C=C\\C(=O)O'],0.000,,
['CC(C)CCON=O'],0.000,,
['C1CNCCN1'],0.000,,
['CN1CC(C(O)=NC2(C)OC3(O)C4CCCN4C(=O)C(Cc4ccccc4)N3C2=O)C=C2c3cccc4[nH]cc(c34)CC21'],0.946,CN1CC([CH3:1])C=C2c3cccc4[nH]cc(c34)CC21,0.553
['C#CC(O)(/C=C/Cl)CC'],0.001,,
['COC(=O)C(c1ccccc1)C1CCCCN1'],0.008,,
['CN(C)CC/C=C1\\c2ccccc2Sc2ccc(Cl)cc21'],0.862,c1ccc2c(c1)Sc1cc[cH:1]cc1[CH2:1]2,0.816
['CCC1OC(=O)C(C)C(OC2CC(C)(OC)C(O)C(C)O2)C(C)C(OC2OC(C)CC(N(C)C)C2O)C(C)(O)CC(C)C(=O)C(C)C(O)C1(C)O'],0.038,,
['N=C(N)NC(=N)NCCc1ccccc1'],0.000,,
['CCC1(c2ccccc2)C(=O)N(C)C(=O)N=C1O'],0.003,,
['C=CCC1(C(C)CC)C(O)=NC(=O)N=C1O'],0.000,,
['CCC1(C)OC(=O)N(C)C1=O'],0.002,,
['O=C1c2cccc(O)c2C(=O)c2c(O)cccc21'],0.002,,
['COc1ccc(C2C(=O)c3ccccc3C2=O)cc1'],0.100,,
['CCN(CCO)CCCC(C)Nc1ccnc2cc(Cl)ccc12'],0.143,,
['NS(=O)(=O)c1cc(Cl)c(Cl)c(S(N)(=O)=O)c1'],0.004,,
['CN(C)c1ccccc1'],0.010,,
['CCOC(=O)CC(SP(=S)(OC)OC)C(=O)OCC'],0.001,,
['CC(C)(N)Cc1ccccc1'],0.010,,
['CC12C=CC(=O)C=C1CCC1C3C[C@H](O)C(O)(C(=O)CO)C3(C)C[C@@H](O)C12F'],0.633,FC12C(CC[CH2:1][CH2:1]1)[CH2:1][CH2:1]C[CH2:1]2,0.721
['COc1ccc2c3c1OC1C(O)CCC4C(C2)N(C)CCC341'],0.977,c1c[cH:1]c2c3c1CC1C4CC[CH2:1]C(O2)C34CC[NH:1]1,0.982
['COc1ccc2c3c1OC1C(=O)CCC4C(C2)N(C)CCC314'],0.980,c1c[cH:1]c2c3c1CC1C4CC[CH2:1]C(O2)C34CC[NH:1]1,0.982
['CCC1(c2ccccc2)C(O)=NCN=C1O'],0.001,,
['CCC(C)C1(CC)C(O)=NC(=O)N=C1O'],0.000,,
['CN1CCCN=C1COC(=O)C(O)(c1ccccc1)C1CCCCC1'],0.076,,
['CCC1(CC)C(=O)C(C)CN=C1O'],0.000,,
['COc1ccc2c(c1)[C@@]13CCCC[C@H]1[C@@H](C2)N(C)CC3'],0.988,CN1CC[C@]23CCCC[C@H]2[C@H]1C[CH:1]=[CH:1]3,0.597
['CCC1(c2ccc(N)cc2)CCC(O)=NC1=O'],0.005,,
['COC1=CC(=O)CC(C)C12Oc1c(Cl)c(OC)cc(OC)c1C2=O'],0.721,Clc1c2c([cH:1]c[cH:1]1)[CH2:1][CH2:1]O2,0.580
['C#CC1(OC(=N)O)CCCCC1'],0.002,,
['CC(=O)C(=O)O'],0.000,,
['CN1C(=O)OC(C)(C)C1=O'],0.001,,
['Cc1noc(NS(=O)(=O)c2ccc(N)cc2)c1C'],0.002,,
['Nc1ccc(S(=O)(=O)N=C(O)c2ccccc2)cc1'],0.001,,
['Cc1ccnc(NS(=O)(=O)c2ccc(N)cc2)n1'],0.001,,
['CCCCC1C(=O)N(c2ccccc2)N(c2ccc(O)cc2)C1=O'],0.048,,
['C=CC1CN2CCC1CC2C(O)c1ccnc2ccc(OC)cc12'],0.592,c1cc([CH2:1]C2CC3CCN2C[CH2:1]3)c2c[cH:1]ccc2n1,0.538
['COc1ccc(C(=O)c2ccccc2)c(O)c1'],0.002,,
['CCN(CC)CCOC(=O)c1ccc(N)cc1Cl'],0.018,,
['NS(=O)(=O)c1cc2c(cc1Cl)NC(C(Cl)Cl)NS2(=O)=O'],0.020,,
['CC1NCCOC1c1ccccc1'],0.014,,
['CCN(CC)CC(O)=Nc1c(C)cccc1C'],0.008,,
['COc1cc(C(O)=NCc2ccc(OCCN(C)C)cc2)cc(OC)c1OC'],0.140,,
['O=C(O)C1=CC(O)C(O)C(O)C1'],0.000,,
['OC(CCN1CCCCC1)(c1ccccc1)C1CCCCC1'],0.625,c1ccc([CH:1](CCN2CCCCC2)C2CCCCC2)cc1,0.624
['CCOC(=O)C1(c2ccccc2)CCN(CCc2ccc(N)cc2)CC1'],0.832,c1ccc([CH:1]2CCN(CCc3cc[cH:1]cc3)CC2)cc1,0.609
['CC(O)=NS(=O)(=O)c1ccc(N)cc1'],0.000,,
['Nc1ccc(S(=O)(=O)Nc2ccccn2)cc1'],0.001,,
['O=[N+]([O-])c1ccc2c(c1)C(c1ccccc1)=NCC(O)=N2'],0.003,,
['COC(=O)[C@H]1C2CC3c4[nH]c5ccccc5c4CCN3CC2CC[C@H]1O'],0.773,C1CN2CC3CC[CH2:1][CH2:1]C3CC2c2[nH][cH:1][cH:1]c21,0.639
['CN1CCC(OC(c2ccccc2)c2ccccc2)CC1'],0.429,,
['O=C(O)[C@H]1CCCN1'],0.000,,
['c1ccc2[nH]c(-c3cscn3)nc2c1'],0.004,,
['C=CCC1(C(C)C#CCC)C(=O)N(C)C(=O)N=C1O'],0.002,,
['C=CCN1CCC23CCCCC2C1Cc1ccc(O)cc13'],0.802,C1CCC23CCN([CH3:1])C(C[CH:1]=[CH:1]2)C3C1,0.514
['CC(=O)CC(c1ccc([N+](=O)[O-])cc1)c1c(O)c2ccccc2oc1=O'],0.057,,
['CCCC1CC(C(O)=NC(C(C)O)C2OC(SC)C(O)C(O)C2O)N(C)C1'],0.001,,
['N[C@H]1C[C@@H]1c1ccccc1'],0.085,,
['CC(Cc1ccccc1)N(C)Cc1ccccc1'],0.191,,
['N=C(O)N1c2ccccc2C=Cc2ccccc21'],0.017,,
['C(=C/c1ccccc1)\\CN1CCN(C(c2ccccc2)c2ccccc2)CC1'],0.851,c1ccc(C(c2ccccc2)N2CCN(C[CH3:1])CC2)cc1,0.549
['COc1c2occc2cc2ccc(=O)oc12'],0.043,,
['CC(N)Cc1c[nH]c2ccccc12'],0.011,,
['CN[C@H](C)[C@@H](O)c1ccccc1'],0.002,,
['CC(N)Cc1ccccc1'],0.004,,
['CN(C)CCCN1c2ccccc2CCc2ccc(Cl)cc21'],0.949,Clc1ccc2c(c1)[NH:1]c1ccccc1CC2,0.865
['O=C(O)CCCc1ccc(N(CCCl)CCCl)cc1'],0.037,,
['CCN1CC(CCN2CCOCC2)C(c2ccccc2)(c2ccccc2)C1=O'],0.984,CCN1CC(C[CH3:1])C(c2ccccc2)([CH3:1])[CH2:1]1,0.505
['Oc1ncnc2n[nH]cc12'],0.000,,
['CN1CCN(CCCN2c3ccccc3Sc3ccc(S(=O)(=O)N(C)C)cc32)CC1'],0.955,c1ccc2c(c1)Sc1cc[cH:1]cc1N2[CH3:1],0.742
['N=c1c2c([nH]c3ccccc13)CCCC2'],0.079,,
['C[C@H](CN1CCOCC1)C(C(=O)N1CCCC1)(c1ccccc1)c1ccccc1'],0.986,C[C@@H](C(c1ccccc1)(c1ccccc1)[CH3:1])[CH3:1],0.682
['COc1ccc2c3c1OC1CC(O)C=CC31CCN(C)C2'],0.671,C1=C[CH2:1]CC2Oc3c4c(cc[cH:1]3)C[NH:1]CCC142,0.747
['CC(C)=CCN1CCC2(C)c3cc(O)ccc3CC1C2C'],0.564,CC12CC[NH:1]C(Cc3cc[cH:1]cc31)[CH2:1]2,0.564
['CCC(CO)N=C(O)C1C=C2c3cccc4c3c(cn4C)CC2N(C)C1'],0.219,,
['CCC(=O)c1ccc2c(c1)N(CC(C)N(C)C)c1ccccc1S2'],0.757,c1ccc2c(c1)Sc1cc[cH:1]cc1N2[CH3:1],0.742
['CCN(CC)CCN=C(O)c1cc(Cl)c(N)cc1OC'],0.025,,
['CC1=Nc2ccc(Cl)cc2S(=O)(=O)N1'],0.003,,
['C[C@@H]1C[C@@H]2[C@H]3CCC4=CC(=O)C=C[C@@]4(C)[C@]3(F)[C@H](O)C[C@@]2(C)[C@]1(O)C(=O)CO'],0.842,C1C[CH2:1][C:1][C:1]2[C@H]1[C@H]1C[CH2:1][C:1][C:1]1C[CH2:1]2,0.745
['CCn1cc(C(=O)O)c(=O)c2ccc(C)nc21'],0.001,,
['COc1ccc(OC)c(C(O)C(C)N)c1'],0.006,,
['CC(Cc1ccccc1)NCCC(c1ccccc1)c1ccccc1'],0.745,c1ccc(C[CH2:1]NCCC(c2ccccc2)c2ccccc2)cc1,0.578
['N=c1[nH]c2nc(=N)c(-c3ccccc3)nc-2c(N)[nH]1'],0.002,,
['CN1CCC23c4c5ccc(O)c4OC2CCCC3C1C5'],0.919,c1c[cH:1]c2c3c1CC1C4CCCC(O2)C34CC[NH:1]1,0.982
['CC12C/C(=C/O)C(=O)C[C@H]1CCC1C2CCC2(C)C1CC[C@@]2(C)O'],0.808,CC12C[CH2:1][CH2:1]C[C@H]1CCC1C2CC[CH2:1][CH2:1]1,0.702
['CC12CCC3C4CCC(=O)C=C4CCC3C1CC[C@H]2O'],0.295,,
['CCC(c1ccccc1)c1c(O)c2ccccc2oc1=O'],0.130,,
['CCC(=O)N(c1ccccc1)C1CCN(CCc2ccccc2)CC1'],0.770,c1ccc(CCN2CCC(N(c3ccccc3)[CH3:1])CC2)cc1,0.636
['CNCCCC1c2ccccc2C=Cc2ccccc21'],0.311,,
['CCN(C)C(C)C=C(c1cccs1)c1cccs1'],0.131,,
['Cc1ncc([N+](=O)[O-])n1CCO'],0.000,,
['CCOc1ccc2nc(S(N)(=O)=O)sc2c1'],0.002,,
['CC1CC(OC(=O)C(O)c2ccccc2)CC(C)(C)C1'],0.015,,
['CCNC(C)Cc1cccc(C(F)(F)F)c1'],0.144,,
['CC(C)(N)Cc1ccc(Cl)cc1'],0.100,,
['CC/C=C\\C/C=C\\C/C=C\\CCCCCCCC(=O)O'],0.000,,
['CC(O)C(C)(C)C'],0.000,,
['C=CCN1CCC23c4c5ccc(O)c4OC2C(=O)CCC3(O)C1C5'],0.687,c1c[cH:1]c2c3c1CC1[NH:1]CCC34C(O2)[CH2:1]CC[CH:1]14,0.982
['CN1CCC23c4c5ccc(O)c4OC2C(=O)CCC3C1C5'],0.795,c1c[cH:1]c2c3c1CC1C4CC[CH2:1]C(O2)C34CC[NH:1]1,0.982
['CCOC(=O)C(CCN1CCOCC1)(c1ccccc1)c1ccccc1'],0.784,c1ccc(C(C[CH3:1])(c2ccccc2)[CH2:1]O[CH3:1])cc1,0.625
['CCC(=O)OC1(c2ccccc2)CCN(C)CC1CC'],0.265,,
['CCC(=O)O[C@]1(c2ccccc2)CCN(C)C[C@@H]1CC'],0.296,,
['CCC(=O)O[C@@]1(c2ccccc2)CCN(C)C[C@@H]1C'],0.196,,
['CCN(CC)CCOCCOC(=O)C(CC)(CC)c1ccccc1'],0.092,,
['CN(C)CCOC(C)(c1ccccc1)c1ccccn1'],0.140,,
['CCC(=O)O[C@@](Cc1ccccc1)(c1ccccc1)[C@@H](C)CN(C)C'],0.625,c1ccc(C[C@](O[CH3:1])(c2ccccc2)[CH2:1][CH3:1])cc1,0.524
['CCC(=O)C1(c2cccc(O)c2)CCN(C)CC1'],0.023,,
['CCOC(=O)C1(c2ccccc2)CCN(CCOCCO)CC1'],0.075,,
['C[C@@]12CC[C@@H]3C(=CCc4cc(O)ccc43)[C@H]1CCC2=O'],0.446,,
['Cn1c(=O)c2c(ncn2CC(O)CO)n(C)c1=O'],0.000,,
['Cc1c(C(C)C)c(=O)n(-c2ccccc2)n1C'],0.165,,
['CN1C2CCC1[C@@H](C(=O)O)[C@@H](O)C2'],0.000,,
['CC(CN1c2ccccc2Sc2cccnc21)N(C)C'],0.533,,
['C/C=C/C(=O)N(CC)c1ccccc1C'],0.009,,
['Cc1ccc(/C(=C/CN2CCCC2)c2ccccn2)cc1'],0.154,,
['O=C(O)CN=C(O)c1ccccc1O'],0.000,,
['CN(C)CCc1c[nH]c2ccc(O)cc12'],0.002,,
['C[C@@H](N)[C@H](O)c1ccccc1'],0.001,,
['CCCOc1ccc(C(=O)OCCN(CC)CC)cc1N'],0.007,,
['CC(Cc1ccc(O)c(O)c1)C(C)Cc1ccc(O)c(O)c1'],0.006,,
['CNC(C)CCC=C(C)C'],0.000,,
['N=c1cc[nH]cc1'],0.000,,
['Nc1ccccn1'],0.000,,
['CN1CCC23c4c5ccc(O)c4OC2C(O)CCC3C1C5'],0.797,c1c[cH:1]c2c3c1CC1C4CC[CH2:1]C(O2)C34CC[NH:1]1,0.982
['CCC1(C2=CCCCCC2)C(O)=NC(=O)N=C1O'],0.000,,
['CN(C)CCOC(=O)C(c1ccccc1)C1(O)CCCC1'],0.022,,
['OC(CCN1CCCCC1)(c1ccccc1)C1CC2C=CC1C2'],0.778,c1ccc([CH:1](CCN2CCCCC2)C2C[CH2:1]C[CH2:1]2)cc1,0.576
['Cc1cc(NS(=O)(=O)c2ccc(N)cc2)nc(C)n1'],0.003,,
['CN1C2CCC1[C@@H](C(=O)O)[C@@H](OC(=O)c1ccccc1)C2'],0.006,,
['CNc1c(C)n(C)n(-c2ccccc2)c1=O'],0.039,,
['COc1ccc([C@H]2CC(=O)c3c(O)cc(O)cc3O2)cc1O'],0.001,,
['CC12CCC(=O)C[C@H]1CCC1C2CCC2(C)C1CC[C@H]2O'],0.715,CC12CCC3C(CC[CH2:1][CH2:1]3)C1CC[CH2:1]2,0.612
['CCC1CN2CCC1C[C@@H]2[C@@H](O)c1ccnc2ccc(OC)cc12'],0.664,c1cc([CH2:1][C@H]2CC3CCN2C[CH2:1]3)c2c[cH:1]ccc2n1,0.551
['CC(C=C(c1cccs1)c1cccs1)N(C)C'],0.108,,
['CC(C)NCC(O)COc1cccc2ccccc12'],0.014,,
['Nc1ccc(S(=O)(=O)Nc2ccnn2-c2ccccc2)cc1'],0.011,,
['COc1ccccc1OCC(O)COC(=N)O'],0.000,,
['CC(CNC1CCCCC1)OC(=O)c1ccccc1'],0.003,,
['CCc1cc(C(=N)S)ccn1'],0.001,,
['CN[C@H](C)Cc1ccccc1'],0.007,,
['CC(O)=NO'],0.000,,
['Cc1ncc([N+](=O)[O-])n1C'],0.001,,
['CCC(=O)N(CC(C)N(C)CCc1ccccc1)c1ccccc1'],0.439,,
['O=C(Oc1ccccc1C(=O)O)c1ccccc1O'],0.000,,
['CC(=O)N=c1sc(S(N)(=O)=O)nn1C'],0.000,,
['C#CCN(C)Cc1ccccc1'],0.023,,
['CC(=O)Oc1ccc2c3c1OC1C(OC(C)=O)C=CC4C(C2)N(C)CCC341'],0.881,C1=C[CH2:1]C2Oc3c4c(cc[cH:1]3)CC3C1C42CC[NH:1]3,0.956
['O=C(O)CCCO'],0.000,,
['CC(=O)OC1(C(C)=O)CCC2C3C=C(C)C4=CC(=O)CCC4(C)C3CCC21C'],0.947,CC1=CC2C(CC[CH2:1][CH2:1]2)C2(C)CC[CH2:1]C=C12,0.653
['OC1=Nc2ccc(Cl)cc2C(c2ccccc2)=NC1O'],0.008,,
['CC(O)=N[C@H](CS)C(=O)O'],0.000,,
['CC1C(c2ccccc2)OCCN1C'],0.057,,
['CCOC(=O)C(C)(C)Oc1ccc(Cl)cc1'],0.042,,
['CN(C)c1nc(N(C)C)nc(N(C)C)n1'],0.008,,
['CNNCc1ccc(C(=O)NC(C)C)cc1'],0.002,,
['CCCNC(C)C(O)=Nc1ccccc1C'],0.001,,
['Cc1cc(NS(=O)(=O)c2ccc(N)cc2)no1'],0.001,,
['Cc1nc(NS(=O)(=O)c2ccc(N)cc2)oc1C'],0.002,,
['COc1cc(Cc2c[nH]c(=N)[nH]c2=N)cc(OC)c1OC'],0.011,,
['CN(C)CCC(O)(c1ccccc1)c1ccccc1Cl'],0.571,Clc1ccccc1[CH2:1]c1ccccc1,0.565
['c1ccc2c(CC3=NCCN3)cccc2c1'],0.022,,
['CC12CCC3C(CC[C@@H]4CC(=O)CCC34C)C1CCC2=O'],0.845,CC12CCC3C(CC[CH2:1][CH2:1]3)C1CC[CH2:1]2,0.612
['CC12C=CC(=O)C=C1CCC1C2CCC2(C)C1CC[C@H]2O'],0.374,,
['CC(C)(Oc1ccc(Cl)cc1)C(=O)O'],0.005,,
['c1ccc(SSc2ccccc2)cc1'],0.060,,
['CCN(CC)CCOc1ccc(/C(=C(\\Cl)c2ccccc2)c2ccccc2)cc1'],0.974,Cl/C(=C(/c1ccccc1)c1ccc(O[CH3:1])cc1)[CH3:1],0.604
['CC1=CC(=O)C(C)=C(C)C1=O'],0.000,,
['CC(=O)c1ccc(S(=O)(=O)NC(O)=NC2CCCCC2)cc1'],0.000,,
['OC(CCCN1CCCCC1)(c1ccccc1)c1ccccc1'],0.549,c1ccc([CH:1](CCCN2CCCCC2)c2ccccc2)cc1,0.651
['Cc1cc(=N)[nH]o1'],0.000,,
['COc1cc(CC(C)N)cc(OC)c1OC'],0.038,,
['CC12CCC(=O)C(Cl)=C1CCC1C2CCC2(C)C1CC[C@H]2O'],0.967,ClC1=C2CC[CH2:1][CH2:1][CH:1]2CC[CH2:1]1,0.590
['NCC(CC(=O)O)c1ccc(Cl)cc1'],0.002,,
['Nc1ccccc1SSc1ccccc1N'],0.038,,
['Cc1ccc(S(=O)(=O)NC(O)=NN2CCCCCC2)cc1'],0.001,,
['NC[C@H]1CC[C@H](C(=O)O)CC1'],0.000,,
['CCNC1C2CCC(C2)C1c1ccccc1'],0.265,,
['C[C@@]12Cc3nonc3CC1CCC1C2CC[C@]2(C)C1CC[C@@]2(C)O'],0.974,C[C@@]12CCC3C(CC[CH2:1][C:1]3)C1CC[C:1]2C,0.556
['Cc1cc(C(C)(C)C)c(O)c(C)c1CC1=NCCN1'],0.032,,
['CCN(Cc1ccncc1)C(=O)C(CO)c1ccccc1'],0.016,,
['C[C@H]1CC2=CC(=O)CCC2(C)C2CCC3(C)C(CC[C@@]3(C)O)C21'],0.900,CC12CC[CH2:1]C=C1C[CH2:1]C1C2CC[CH2:1][CH2:1]1,0.688
['CCOC(=O)CC(SP(=O)(OC)OC)C(=O)OCC'],0.000,,
['Cc1cc(C)cc(OCC2CN=C(O)O2)c1'],0.001,,
['CN(C)CC/C=C1/c2ccccc2COc2ccccc21'],0.403,,
['CCCCC/C=C/C/C=C/C/C=C/CCCCCCC(=O)O'],0.000,,
['OC1=NCN(c2ccccc2)C12CCN(CCCC(c1ccc(F)cc1)c1ccc(F)cc1)CC2'],0.996,Fc1ccc([CH2:1]c2ccc(F)cc2)cc1,0.604
['CC12CC[C@H](O)C[C@H]1CCC1C2CCC2(C)C1CC[C@H]2O'],0.791,CC12CCC3C(CC[CH2:1][CH2:1]3)C1CC[CH2:1]2,0.612
['Oc1nc2ccccc2n1C1CCN(CCCC(c2ccc(F)cc2)c2ccc(F)cc2)CC1'],0.992,Fc1ccc([CH2:1]c2ccc(F)cc2)cc1,0.604
['CC(C)c1cccc(C(C)C)c1O'],0.016,,
['N=C1N=C(O)C(c2ccccc2)O1'],0.000,,
['O=C(OCCOCCN1CCCCC1)N1c2ccccc2Sc2cccnc21'],0.764,c1ccc2c(c1)Sc1cccnc1N2[CH2:1]OCCOCCN1CCCCC1,0.855
['CC(C)[C@H]1CC[C@H](C)C[C@@H]1O'],0.004,,
['NS(=O)(=O)c1cc2c(cc1Cl)NC(C1CC3C=CC1C3)NS2(=O)=O'],0.140,,
['CCOC(=O)C1(c2ccccc2)CCN(CCOCC2CCCO2)CC1'],0.321,,
['Cc1cccc(N(C)C(=S)Oc2ccc3ccccc3c2)c1'],0.833,CN(C(=S)Oc1ccc2ccccc2c1)c1ccc[cH:1]c1,0.666
['CN=C(S)N(C)C'],0.000,,
['N#Cc1ccc2c(c1)N(CCCN1CCC(O)CC1)c1ccccc1S2'],0.963,c1ccc2c(c1)Sc1cc[cH:1]cc1N2[CH3:1],0.742
['CCC(=O)c1ccc2c(c1)N(CCCN1CCN(CCO)CC1)c1ccccc1S2'],0.883,c1ccc2c(c1)Sc1cc[cH:1]cc1N2[CH3:1],0.742
['CCN=C(S)Nc1ccccc1'],0.001,,
['CC(=O)c1ccc2c(c1)N(CCCN1CCN(CCO)CC1)c1ccccc1S2'],0.841,c1ccc2c(c1)Sc1cc[cH:1]cc1N2[CH3:1],0.742
['CN(C)C(=S)N(C)C'],0.002,,
['COc1ccc(OC)c(CC(C)N)c1'],0.018,,
['CC(C)(C)C(=O)Cl'],0.003,,
['CCOC(=O)C1(c2ccccc2)CCN(CCOCc2ccccc2)CC1'],0.851,c1ccc(COCCN2CC[CH:1](c3ccccc3)CC2)cc1,0.541
['CC(C)N(CCC(C(=N)O)(c1ccccc1)c1ccccn1)C(C)C'],0.235,,
['COc1ccc2c3c1OC1C(OC(C)=O)CCC4C(C2)N(C)CCC341'],0.970,c1c[cH:1]c2c3c1CC1C4CC[CH2:1]C(O2)C34CC[NH:1]1,0.982
['Cc1cc2cc3c(C)cc(=O)oc3c(C)c2o1'],0.255,,
['CC(C)NCC(O)c1ccc(NS(C)(=O)=O)cc1'],0.000,,
['CN1CCC(=C2c3ccccc3CCc3cccnc32)CC1'],0.872,c1ccc2c(c1)CCc1cccnc1[CH2:1]2,0.554
['O=[N+]([O-])c1ccc(O)c2ncccc12'],0.001,,
['Cc1ccc(S(=O)(=O)N=C=O)cc1'],0.000,,
['Clc1cccc(Cl)c1NC1=NCCN1'],0.039,,
['CN(C)N=Nc1[nH]cnc1C(N)=O'],0.000,,
['CCC1C2CC3C4N(C)c5ccccc5C45CC(C2[C@H]5O)N3[C@H]1O'],0.969,C1C2C3C4(CC5C(C1[CH2:1][CH2:1]N52)[CH2:1]4)[CH:1]=[CH:1][NH:1]3,0.707
['CC(N)Cc1ccc2c(c1)OCO2'],0.013,,
['CC(C(=O)O)c1ccc(-c2ccccc2)c(F)c1'],0.046,,
['CN1CCN(CC/C=C2/c3ccccc3Sc3ccc(S(=O)(=O)N(C)C)cc32)CC1'],0.931,c1ccc2c(c1)Sc1cc[cH:1]cc1[CH2:1]2,0.816
['CC(C1=C(CCN(C)C)Cc2ccccc21)c1ccccn1'],0.551,CC(C1=C(C[CH3:1])Cc2ccccc21)c1ccccn1,0.510
['CNCCc1ccccn1'],0.001,,
['CN1CCN(C2=Nc3cc(Cl)ccc3Nc3ccccc32)CC1'],0.722,,
['C=CCOc1ccccc1OCC(O)CNC(C)C'],0.001,,
['CC(=O)CCCCn1c(=O)c2c(ncn2C)n(C)c1=O'],0.001,,
['CC(O)=Nc1ccc(OCC(O)CNC(C)C)cc1'],0.001,,
['CCc1c(C)[nH]c2c1C(=O)C(CN1CCOCC1)CC2'],0.258,,
['CC(C)N(CCC(C(=N)O)(c1ccccc1)c1ccccc1)C(C)C'],0.489,,
['CC(O)=NC(C=O)C(O)C(O)C(O)CO'],0.000,,
['CC(C)NCC(O)c1ccc(O)c(O)c1'],0.000,,
['COc1ccc(Cl)cc1C(O)=NCCc1ccc(S(=O)(=O)NC(O)=NC2CCCCC2)cc1'],0.408,,
['CNCCCC12CCC(c3ccccc31)c1ccccc12'],0.972,c1ccc2c(c1)C1CC[CH:1]2c2ccccc21,0.964
['CC12Cc3c[nH]nc3C[C@H]1CCC1C2CCC2(C)C1CC[C@@]2(C)O'],0.967,CC12CCC3C(CC[CH2:1][CH2:1]3)C1CC[C:1]2C,0.678
['CC(N)C12CC3CC(CC(C3)C1)C2'],0.568,C1C2CC3CC1CC([CH3:1])(C2)C3,0.615
['CC(=O)c1ccc2c(c1)N(CC(C)N(C)C)c1ccccc1S2'],0.669,c1ccc2c(c1)Sc1cc[cH:1]cc1N2[CH3:1],0.742
['CC(C)NCC(O)COc1cccc2[nH]ccc12'],0.002,,
['C=CCc1ccccc1OCC(O)CNC(C)C'],0.003,,
['COc1cc(CC(C)N)cc2c1OCO2'],0.019,,
['Clc1ccc2c(c1)C(N1CCNCC1)=Nc1ccccc1O2'],0.433,,
['CN1CCC23c4c5ccc(OCc6ccccc6)c4OC2C(O)C=CC3C1C5'],0.987,C1=C[CH2:1]C2Oc3c4c(cc[cH:1]3)CC3C1C42CC[NH:1]3,0.956
['CCCC(C)(O)C1CC23C=CC1(OC)C1Oc4c(O)ccc5c4C12CCN(C)C3C5'],0.989,C1=C[CH:1]2C3Oc4c5c(cc[cH:1]4)CC4C1(C[CH2:1]2)C53CC[NH:1]4,0.996
['C#CCN(C)C(C)Cc1ccccc1'],0.037,,
['CCn1cc(C(=O)O)c(=O)c2cc3c(cc21)OCO3'],0.002,,
['CC(N)C(O)c1ccccc1'],0.001,,
['Cc1c(-c2ccccc2)oc2c(C(=O)OCCN3CCCCC3)cccc2c1=O'],0.723,O=c1c2cccc([CH2:1]OCCN3CCCCC3)c2oc(-c2ccccc2)[cH:1]1,0.700
['COc1cc(CC(C)N)c(OC)cc1C'],0.065,,
['CCN1CCCC1CN=C(O)c1cc(S(N)(=O)=O)ccc1OC'],0.004,,
['CC(C)Cc1ccc(C(C)C(=O)O)cc1'],0.003,,
['O=C1CCC2(O)C3Cc4ccc(O)c5c4C2(CCN3CC2CC2)C1O5'],0.884,c1c[cH:1]c2c3c1CC1[NH:1]CCC34C(O2)[CH2:1]CC[CH:1]14,0.982
['CC1CC2=CC(=O)CCC2(C)C2CCC3(C)C(CCC3(C)O)C12'],0.893,CC12CCC3C(C1CC[CH2:1]2)[CH2:1]C[CH2:1][CH2:1]3,0.612
['Cc1ccccc1N1C(=O)c2cc(S(N)(=O)=O)c(Cl)cc2NC1C'],0.439,,
['O=c1n(CCCN2CCN(c3cccc(Cl)c3)CC2)nc2ccccn12'],0.750,,
['CC12CC3CC(C)(C1)CC(N)(C3)C2'],0.938,CC12CC3C[CH:1](C1)C[CH:1](C3)C2,0.615
['COC(=O)C1=C(C)NC(C)=C(C(=O)OC)C1c1ccccc1[N+](=O)[O-]'],0.051,,
['CC(C(=O)O)c1cccc(C(=O)c2ccccc2)c1'],0.003,,
['COc1ccc2cc([C@@H](C)C(=O)O)ccc2c1'],0.009,,
['CCOC(=O)n1ccn(C)c1=S'],0.001,,
['OC1(c2ccc(Cl)cc2)c2ccccc2C2=NCCN21'],0.742,Clc1ccc([CH:1]2c3ccccc3[CH2:1][NH:1]2)cc1,0.799
['COC(=O)C(Cc1ccccc1)N=C(O)C(N)CC(=O)O'],0.000,,
['CN1CCN2c3ccccc3Cc3ccccc3C2C1'],0.926,c1ccc2c(c1)Cc1ccccc1[NH:1][CH2:1]2,0.545
['CN1Cc2c(N)cccc2C(c2ccccc2)C1'],0.572,CN1Cc2c(ccc[cH:1]2)C(c2ccccc2)C1,0.662
['C=CCC1CN(C)CCC1(OC(=O)CC)c1ccccc1'],0.217,,
['N=C(O)OCC(COC(=N)O)c1ccccc1'],0.000,,
['Cc1ccc(C)c(OCCCC(C)(C)C(=O)O)c1'],0.004,,
['Cc1cc(-c2ccccc2)n[nH]c1=NCCN1CCOCC1'],0.015,,
['Cc1ccc(C(=O)c2ccc(CC(=O)O)n2C)cc1'],0.006,,
['COc1cccc(C2(O)CCCCC2CN(C)C)c1'],0.221,,
['N=C(O)N1c2ccccc2CC(=O)c2ccccc21'],0.026,,
['CC(C)NCC(O)COc1ccc(CC(=N)O)cc1'],0.001,,
['Cc1cn(C2CC(N=[N+]=[N-])C(CO)O2)c(=O)nc1O'],0.000,,
['Cc1cccc(C)c1OCC(C)N'],0.018,,
['CCOC(=O)c1cncn1C(C)c1ccccc1'],0.007,,
['CN1C(C(O)=Nc2ccccn2)=C(O)c2ccccc2S1(=O)=O'],0.001,,
['O=C(O)CCC(=O)c1ccc(-c2ccccc2)cc1'],0.002,,
['O=C1CC2(CCCC2)CC(=O)N1CCCCN1CCN(c2ncccn2)CC1'],0.775,C(CCN1[CH2:1]CC2(CCCC2)C[CH2:1]1)CN1CCN([CH3:1])CC1,0.612
['CC(CCc1ccccc1)NCC(O)c1ccc(O)c(C(=N)O)c1'],0.003,,
['CCCC(O)=Nc1ccc(OCC(O)CNC(C)C)c(C(C)=O)c1'],0.001,,
['CCN(CC)CCCN(c1ccccc1)C1Cc2ccccc2C1'],0.832,c1ccc(N(C2Cc3ccccc3C2)[CH3:1])cc1,0.666
['N=c1[nH]c(N2CCCCC2)cc(N)[n+]1[O-]'],0.001,,
['CCOC(=O)C1=C(C)NC(C)=C(C(=O)OC)C1c1cccc([N+](=O)[O-])c1'],0.044,,
['CC(C)(C)NCC(O)COc1cccc2c1CC(O)C(O)C2'],0.011,,
['COc1ccc(C2Sc3ccccc3N(CCN(C)C)C(=O)C2OC(C)=O)cc1'],0.852,c1ccc2c(c1)SC(c1cc[cH:1]cc1)[CH2:1][CH2:1]N2[CH3:1],0.712
['CNC(C)Cc1ccc2c(c1)OCO2'],0.025,,
['COc1ccc2cc(CCC(C)=O)ccc2c1'],0.036,,
['CCCC1OC2CC3C4CCC5=CC(=O)C=CC5(C)C4C(O)CC3(C)C2(C(=O)CO)O1'],0.495,,
['CN=C(NC#N)NCCSCc1[nH]cnc1C'],0.001,,
['CS(=O)(=O)Nc1ccc([N+](=O)[O-])cc1Oc1ccccc1'],0.004,,
['Fc1ccc(C(c2ccc(F)cc2)N2CCN(C/C=C/c3ccccc3)CC2)cc1'],0.986,Fc1ccc([CH2:1]c2ccc(F)cc2)cc1,0.604
['COC12CCC3(CC1C(C)(O)C(C)(C)C)C1Cc4ccc(O)c5c4C3(CCN1CC1CC1)C2O5'],0.997,c1c[cH:1]c2c3c1CC1C45CC[CH:1](C(O2)C34CC[NH:1]1)[CH2:1]C5,0.998
['CN(C)C(=O)C(CCN1CCC(O)(c2ccc(Cl)cc2)CC1)(c1ccccc1)c1ccccc1'],0.998,Clc1ccc([CH:1]2CCN([CH3:1])CC2)cc1,0.543
['CCN1CCCC1CN=C(O)c1cc(S(=O)(=O)CC)ccc1OC'],0.015,,
['CCCNCC(O)COc1ccccc1C(=O)CCc1ccccc1'],0.018,,
['OC(=NCC1CCCCN1)c1cc(OCC(F)(F)F)ccc1OCC(F)(F)F'],0.217,,
['COCCCCC(=NOCCN)c1ccc(C(F)(F)F)cc1'],0.026,,
['O=C(C1CCCCC1)N1CC(=O)N2CCc3ccccc3C2C1'],0.662,c1ccc2c(c1)CCN1C2CN([CH2:1]C2CCCCC2)C[CH2:1]1,0.830
['CCC(=O)N(c1ccccc1)C1(COC)CCN(CCc2cccs2)CC1'],0.973,COCC1(N(c2ccccc2)[CH2:1][CH3:1])CCN([CH3:1])CC1,0.501
['O=C(O)CCCCCCNC1c2ccccc2CCc2ccccc21'],0.170,,
['N=c1nc(O)c2ncn(COCCO)c2[nH]1'],0.000,,
['Fc1ccc(C2CCNCC2COc2ccc3c(c2)OCO3)cc1'],0.831,Fc1ccc(C2CCNCC2COc2cc[cH:1][cH:1]c2)cc1,0.745
['C[C@@H](CS)C(=O)N1CCC[C@@H]1C(=O)O'],0.000,,
['COC(=O)C1=C(C)NC(C)=C(C(=O)OCC(C)C)C1c1ccccc1[N+](=O)[O-]'],0.113,,
['COCCOC(=O)C1=C(C)NC(C)=C(C(=O)OC(C)C)C1c1cccc([N+](=O)[O-])c1'],0.099,,
['CN/C(=C\\[N+](=O)[O-])NCCSCc1ccc(CN(C)C)o1'],0.001,,
['CC(C)NCC(O)COc1ccc(COCCOC(C)C)cc1'],0.007,,
['NS(=O)(=O)Cc1noc2ccccc12'],0.000,,
['CCn1cc(C(=O)O)c(=O)c2cc(F)c(N3CCNCC3)cc21'],0.038,,
['O=C(NCCN1CCOCC1)c1ccc(Cl)cc1'],0.035,,
['CCOC(=O)C1=C(C)NC(C)=C(C(=O)OC)C1c1cccc(Cl)c1Cl'],0.673,Clc1cccc([CH3:1])c1Cl,0.621
['CCC(C)C(=O)OC1CC(C)C=C2C=CC(C)C(CCC3CC(O)CC(=O)O3)C21'],0.044,,
['COC(=O)C1=C(C)NC(C)=C(C(=O)OC(C)C)C1c1cccc2nonc12'],0.077,,
['CNC1CCC(c2ccc(Cl)c(Cl)c2)c2ccccc21'],0.981,Clc1ccc([CH3:1])cc1Cl,0.623
['CCC(C)(C)C(=O)OC1CC(C)C=C2C=CC(C)C(CCC3CC(O)CC(=O)O3)C21'],0.102,,
['CCN1CCCC1CN=C(O)c1c(OC)ccc(Br)c1OC'],0.340,,
['N=c1nnc(-c2cccc(Cl)c2Cl)c(N)[nH]1'],0.027,,
['CCCN1CCCCC1C(O)=Nc1c(C)cccc1C'],0.051,,
['O=C(O)c1cn(C2CC2)c2cc(N3CCNCC3)c(F)cc2c1=O'],0.126,,
['CCN(CC)C(=O)C1(c2ccccc2)CC1CN'],0.348,,
['COc1ccc(C(CN(C)C)C2(O)CCCCC2)cc1'],0.289,,
['CC(C)(C)N=C(O)C1CCC2C3CCC4N=C(O)C=CC4(C)C3CCC12C'],0.417,,
['CCC(C(=N)O)N1CCCC1=O'],0.000,,
['CNS(=O)(=O)Cc1ccc2[nH]cc(CCN(C)C)c2c1'],0.006,,
['CC(C)(C#N)c1cc(Cn2cncn2)cc(C(C)(C)C#N)c1'],0.635,CC(C)(C#N)c1cc([CH3:1])cc([CH3:1])c1,0.582
['Cc1cc2c(s1)Nc1ccccc1N=C2N1CCN(C)CC1'],0.470,,
['CC(C)CC(CN)CC(=O)O'],0.000,,

